+-----------------------------------------------------------------------------------+
|                                                                                   |
| Generated by SLEC-2023.2/1056505  (Jul 18 2023)  linux64  S2307180103             |
| on Tue Mar 26 16:54:46 2024.                                                      |
|                                                                                   |
| Restrictions concerning the use of Siemens SLEC                                   |
| are covered in the license agreement. Distribution to third party                 |
| is strictly prohibited.                                                           |
|                                                                                   |
+-----------------------------------------------------------------------------------+

Time       10 s. : ### Solver Cache Stats
Cache path     /RAID2/COURSE/asoc/asoc020/Catapult_1/fir.v1/CDesignChecker/calypto/.solver_cache/
Cache limit    100.0 MB
Current size   0.0 bytes
Cache entries  0
Hits           0
Misses         0
Collisions     0
Insertions     0
Removals       0
Runtime saved  0.0 sec

Time       10 s. : ### BEGIN State Checks
Time       10 s. : ### END State Checks
Time       10 s. : ### BEGIN Induct Init Checks
Time       10 s. : # PROVEN      (10 sec) # create_map -intermediate spec.Calypto_transaction_done  impl.dummy_impl_out  -valid impl.cc_const_value_1u_h0_impl ; # (1 bit unsigned, 1 bit unsigned) (l1=0, l2=0, lv=0, ind=0) /RAID2/COURSE/asoc/asoc020/Catapult_1/fir.v1/CDesignChecker/calypto/
----------------------------------------------------------------------------------------------------------------

Time       10 s. : ### END Induct Init Checks
Time       10 s. : # PROVEN      (10 sec) # create_map -intermediate spec.Calypto_transaction_done  impl.dummy_impl_out  -valid impl.cc_const_value_1u_h0_impl ; # (1 bit unsigned, 1 bit unsigned) (l1=1, l2=1, lv=1, ind=1) /RAID2/COURSE/asoc/asoc020/Catapult_1/fir.v1/CDesignChecker/calypto/
----------------------------------------------------------------------------------------------------------------

