[0 sec] RunProgram: {
id                       = 
absorb_qor_file          = 1
absorb_resource_stats    = 0
absorb_runtime           = 0
program_name             = /RAID2/cad/mentor/Catapult/2023.2/Mgc_home/pkgs/cds_cpc/rls/platform/common/prof/proc_info
args                     = {150617, .stack_trace.log, 600}
background               = 1
cache_input_filenames    = {}
cache_output_filenames   = {}
platform                 = 64
pwd                      = 
qorfile                  = 
stderr                   = /dev/null
stdout                   = /dev/null
tclscript                = 
timeout                  = infinite
memlimit                 = 0
transfer_globals         = 0
transfer_globals_filename= 
workdir                  = 
name                     = 
after                    = {}
before                   = {}
death_signal             = 15}

[0 sec] Spawn: /RAID2/cad/mentor/Catapult/2023.2/Mgc_home/pkgs/cds_cpc/rls/platform/common/prof/proc_info in /RAID2/COURSE/asoc/asoc020/Catapult_1/fir.v1/CDesignChecker/calypto
[0 sec] Spawn: pid=150662 for /RAID2/cad/mentor/Catapult/2023.2/Mgc_home/pkgs/cds_cpc/rls/platform/common/prof/proc_info
[0 sec] RunProgram: background job detached
[9 sec] RunProgram: {
id                       = 
absorb_qor_file          = 1
absorb_resource_stats    = 0
absorb_runtime           = 1
program_name             = /RAID2/cad/mentor/Catapult/2023.2/Mgc_home/pkgs/cds_cpc/rls/platform/linux64/bin/abc
args                     = {-c, %read /RAID2/COURSE/asoc/asoc020/Catapult_1/fir.v1/CDesignChecker/calypto/testsolverA.v; %blast; &put;write_aiger -u testsolverA.aig}
background               = 0
cache_input_filenames    = {}
cache_output_filenames   = {}
platform                 = 64
pwd                      = 
qorfile                  = 
stderr                   = testsolverA.err
stdout                   = testsolverA.out
tclscript                = 
timeout                  = infinite
memlimit                 = 0
transfer_globals         = 0
transfer_globals_filename= 
workdir                  = 
name                     = 
after                    = {}
before                   = {}
death_signal             = 15}

[9 sec] Spawn: /RAID2/cad/mentor/Catapult/2023.2/Mgc_home/pkgs/cds_cpc/rls/platform/linux64/bin/abc in /RAID2/COURSE/asoc/asoc020/Catapult_1/fir.v1/CDesignChecker/calypto
[9 sec] Spawn: pid=150868 for /RAID2/cad/mentor/Catapult/2023.2/Mgc_home/pkgs/cds_cpc/rls/platform/linux64/bin/abc
[9 sec] RunProgram: ErrorCode=(0,0)
[9 sec] AbsorbRuntime: from rusage, 0.025327u 0.013718s
