CalyptoResourceStats

      total        good         bad |       total         max        good         bad | name

=== Aggregate Counters ==============================================================================================================================

         1x          1x          0x |        0.0s        0.0s        0.0s        0.0s | CASESPLIT
         0x                         |        0.0s                                     | CASE_SPLIT
         0x                         |        0.0s                                     | CCORE_VALID_REMOVAL
        36x                         |        0.0s        0.0s                         | CGEN_GENERATE_COMPONENT
      5057x                         |        0.0s        0.0s                         | CMDs
         0x                         |        0.0s                                     | ExprManager
        24x                         |        0.0s        0.0s                         | FUNC_ANAL
        14x                         |        0.1s        0.0s                         | FuncAnal
         1x                         |        0.0s        0.0s                         | GetCandidates
         0x                         |        0.0s                                     | HS
         4x                         |        0.0s        0.0s                         | OPT_CONST_PROP
         4x                         |        0.0s        0.0s                         | OPT_CSE
         4x                         |        0.0s        0.0s                         | OPT_DEAD_CODE
         3x                         |        0.0s        0.0s                         | OPT_NOR_MUX
         3x                         |        0.0s        0.0s                         | OPT_RPIC
         3x                         |        0.0s        0.0s                         | OPT_UF_CONST_PROP
         3x                         |        0.0s        0.0s                         | OPT_UF_DEAD_CODE1
         2x                         |        0.0s        0.0s                         | OPT_UF_PRE_DEAD_CODE
         3x                         |        0.0s        0.0s                         | OPT_UF_STR_REDUX
         3x                         |        0.0s        0.0s                         | OPT_WLE
         1x                         |        0.0s        0.0s                         | PENMGR_init_check
         1x                         |        0.0s        0.0s                         | PEN_TIME_init_check
        15x                         |        0.3s        0.1s                         | PerformAlwaysGoodXforms
         1x                         |        0.0s        0.0s                         | SBV
         1x                         |        0.3s        0.3s                         | SEQ
         1x          1x          0x |        0.0s        0.0s        0.0s        0.0s | SOLS
         1x          1x          0x |        0.0s                    0.0s        0.0s | SRF
         0x                         |        0.0s                                     | TRANS_CONST
         1x          1x          0x |        0.0s        0.0s        0.0s        0.0s | Transform1TU
         1x          1x          0x |        0.0s        0.0s        0.0s        0.0s | Transform1TUXForm1
         1x          1x          0x |        0.4s        0.4s        0.4s        0.0s | VERIFY
        10x                         |        0.3s        0.1s                         | XForms
         1x                         |        0.0s        0.0s                         | __add_independent_clock_enables
         1x                         |        0.0s        0.0s                         | __apply_always_constant
         6x                         |        0.0s        0.0s                         | __cdb_exists
         2x                         |        0.0s        0.0s                         | __has_inout
         2x                         |        0.0s        0.0s                         | __process_hier_power_models
         1x                         |        0.0s        0.0s                         | __process_independent_clock_enables
         2x                         |        0.0s        0.0s                         | __set_hierarchy
         4x                         |        0.0s        0.0s                         | _bitblast_clock_tree
         4x                         |        0.0s        0.0s                         | _buf_rm
         4x                         |        0.0s        0.0s                         | _compute_clock_info
         2x                         |        0.0s        0.0s                         | _constprop_clkindata
         9x                         |        0.0s        0.0s                         | _count_message
         1x                         |        0.0s        0.0s                         | _db_move_async_reset
         2x                         |        0.0s        0.0s                         | _db_move_clkgate
         2x                         |        0.0s        0.0s                         | _deadcode_elim
         2x                         |        0.0s        0.0s                         | _defer_messages
         3x                         |        0.0s        0.0s                         | _feature_marker
         6x                         |        0.0s        0.0s                         | _get_new_mods
         3x                         |        0.0s        0.0s                         | _get_set_constant
         6x                         |        0.0s        0.0s                         | _get_state
       113x                         |        0.0s        0.0s                         | _get_user_level
         2x                         |        0.0s        0.0s                         | _identify_clock_computing_flops_and_latches
         2x                         |        0.0s        0.0s                         | _infer_muxlatch
       772x                         |        0.0s        0.0s                         | _issue_msg
        32x                         |        0.0s        0.0s                         | _log_env_access
         2x                         |        0.0s        0.0s                         | _mem_cell_2_mem_mod
         2x                         |        0.0s        0.0s                         | _merge_cdbmerge_node
         8x                         |        0.0s        0.0s                         | _normalize_path
         2x                         |        0.0s        0.0s                         | _open_logfile
         1x                         |        0.0s        0.0s                         | _preprocess_clock_tree
         1x                         |        0.0s        0.0s                         | _print_black_boxes
         1x                         |        0.0s        0.0s                         | _process_all_symbconst
         2x                         |        0.0s        0.0s                         | _process_cgic
         1x                         |        0.0s        0.0s                         | _process_symbolically_mapped_flop_resets
         2x                         |        0.0s        0.0s                         | _reduce_comparators
         2x                         |        0.0s        0.0s                         | _remove_transparent_latch
         2x                         |        0.0s        0.0s                         | _rename_operators
         2x                         |        0.0s        0.0s                         | _replace_float_shells
         2x                         |        0.0s        0.0s                         | _replace_latches_with_ff
        10x                         |        0.0s        0.0s                         | _reset_slec_timing
         2x                         |        0.0s        0.0s                         | _resolve_dead_multi_drivers
         1x                         |        0.0s        0.0s                         | _resolve_multi_drivers
         3x                         |        0.0s        0.0s                         | _set_command_access
         1x                         |        0.0s        0.0s                         | _synchronize_spec_impl_clock_domains
         4x                         |        0.0s        0.0s                         | _transform_constant_clock_flops_latches
         2x                         |        0.0s        0.0s                         | _uniqify
         3x                         |        0.0s        0.0s                         | append_global
         2x                         |        0.0s        0.0s                         | apply_forever_constants
         1x                         |        0.0s        0.0s                         | blackbox_datapath_latches_and_cgics
         6x                         |        0.0s        0.0s                         | bls_node
         2x                         |        0.1s        0.1s                         | build_db
         1x                         |        0.0s        0.0s                         | build_design
         2x                         |        0.0s        0.0s                         | calypto_product
         2x                         |        0.1s        0.0s                         | cdb_write_db
         4x                         |        0.0s        0.0s                         | cdesign_checker_print_checks
         2x                         |        0.1s        0.1s                         | cdesign_checker_report_checks
         1x                         |        0.0s        0.0s                         | check_properties
         1x                         |        0.0s        0.0s                         | check_single_property_type
        39x                         |        0.0s        0.0s                         | config_property_checks
         1x                         |        0.0s        0.0s                         | config_solver_clustering
         1x                         |        0.0s        0.0s                         | config_trace_files
         1x                         |        0.0s        0.0s                         | cpt::abstract_channel_io
         1x                         |        0.0s        0.0s                         | cpt::abstract_large_arrays
         1x                         |        0.0s        0.0s                         | cpt::add_ac_builtin_func
         1x                         |        0.0s        0.0s                         | cpt::add_missing_default_branch
         1x                         |        0.0s        0.0s                         | cpt::add_missing_default_ctor_for_static_objects
         1x                         |        0.0s        0.0s                         | cpt::add_ref_on_assigns
         1x                         |        0.0s        0.0s                         | cpt::add_umr_detection_checks
         1x                         |        0.0s        0.0s                         | cpt::align_column_number
         1x                         |        0.0s        0.0s                         | cpt::assign_branch_numbers
         1x                         |        0.0s        0.0s                         | cpt::bind_module_to_tech_cell
         2x                         |        0.0s        0.0s                         | cpt::bit_split
         1x                         |        0.0s        0.0s                         | cpt::blast_floating_point_array_access
         1x                         |        0.0s        0.0s                         | cpt::break_array_read_ps
         2x                         |        0.0s        0.0s                         | cpt::build_cdb
         2x                         |        0.1s        0.1s                         | cpt::canonize_cpt_for_cpp
         1x                         |        0.0s        0.0s                         | cpt::canonize_disables
         1x                         |        0.0s        0.0s                         | cpt::case2if
         1x                         |        0.0s        0.0s                         | cpt::ccov_hierarchy
         1x                         |        0.0s        0.0s                         | cpt::ccovercheck_dominator
         1x                         |        0.0s        0.0s                         | cpt::change_vhdl_arrayrange_bounds
         1x                         |        0.0s        0.0s                         | cpt::check_nonsynthesizables
         1x                         |        0.0s        0.0s                         | cpt::check_vhdl_nonsynth
         3x                         |        0.2s        0.2s                         | cpt::cleanup
         1x                         |        0.0s        0.0s                         | cpt::cleanup_attributes
         1x                         |        0.0s        0.0s                         | cpt::cleanup_empty_seq_block
         1x                         |        0.0s        0.0s                         | cpt::clear_link_design_flags
         1x                         |        0.0s        0.0s                         | cpt::coalesce_complex_port_maps
         2x                         |        0.0s        0.0s                         | cpt::coalesce_concats
         2x                         |        0.0s        0.0s                         | cpt::coalesce_multi_concats
         1x                         |        0.0s        0.0s                         | cpt::compute_checksums
         1x                         |        0.0s        0.0s                         | cpt::compute_struct_or_union_size
         2x                         |        0.0s        0.0s                         | cpt::concat2sel
         1x                         |        0.0s        0.0s                         | cpt::cond2sel
         4x                         |        0.0s        0.0s                         | cpt::const_fold
         2x                         |        0.0s        0.0s                         | cpt::const_prop
         2x                         |        0.0s        0.0s                         | cpt::const_prop_for_cpp
         1x                         |        0.0s        0.0s                         | cpt::convert_bitfields_to_bitvector
         1x                         |        0.0s        0.0s                         | cpt::convert_coverstmt_to_cvrassert
         1x                         |        0.0s        0.0s                         | cpt::convert_enums_to_ints
         1x                         |        0.0s        0.0s                         | cpt::convert_init_stmt_to_cpp_init_block
         1x                         |        0.0s        0.0s                         | cpt::convert_posassoc_to_namedassoc
         1x                         |        0.0s        0.0s                         | cpt::convert_std_fpoint_func_to_builtins
         1x                         |        0.0s        0.0s                         | cpt::convert_types
         1x                         |        0.0s        0.0s                         | cpt::convert_upto_bit_ranges
         1x                         |        0.0s        0.0s                         | cpt::convert_vhdl_arith_shifts
         1x                         |        0.0s        0.0s                         | cpt::convert_vhdl_attr_to_func
         1x                         |        0.0s        0.0s                         | cpt::cover_check
         1x                         |        0.0s                                     | cpt::cover_check_reporter
         1x                         |        0.1s        0.1s                         | cpt::cpp_elaborate
         1x                         |        0.0s        0.0s                         | cpt::cpp_predicate_continue_stmt
         1x                         |        0.0s        0.0s                         | cpt::cpt_create_temp_aggregates
         1x                         |        0.0s        0.0s                         | cpt::cpt_handle_bbox
         1x                         |        0.0s        0.0s                         | cpt::cpt_insert_waits_forcpc
         1x                         |        0.0s        0.0s                         | cpt::cpt_name_always_blocks_parallel_sels
         1x                         |        0.0s        0.0s                         | cpt::cpt_number_always_blocks
         1x                         |        0.0s        0.0s                         | cpt::cpt_optmize_black_boxes
         2x                         |        0.0s        0.0s                         | cpt::create_cdb_symbols
         1x                         |        0.0s        0.0s                         | cpt::create_init_for_uninitialized_global_ctype_decls
         2x                         |        0.0s        0.0s                         | cpt::create_tmp
         1x                         |        0.0s        0.0s                         | cpt::cross_file_link
         1x                         |        0.0s        0.0s                         | cpt::cross_hier_refs
         1x                         |        0.0s        0.0s                         | cpt::deadcode
         1x                         |        0.0s        0.0s                         | cpt::delete_loop_var_assigns
         1x                         |        0.0s        0.0s                         | cpt::detect_and_resolve_multidriver
         1x                         |        0.0s        0.0s                         | cpt::dissolve_block_names
         1x                         |        0.0s        0.0s                         | cpt::dissolve_init_repeats
         1x                         |        0.0s        0.0s                         | cpt::dissolve_nested_blocks
         1x                         |        0.0s        0.0s                         | cpt::distill_modcalls
         1x                         |        0.0s        0.0s                         | cpt::distill_selects
         9x                         |        0.1s        0.0s                         | cpt::do_design_checks
         1x                         |        0.0s        0.0s                         | cpt::down_scope_consts
         1x                         |        0.0s        0.0s                         | cpt::down_scope_signals_in_pkg
         1x                         |        0.0s        0.0s                         | cpt::elaborate
         2x                         |        0.0s        0.0s                         | cpt::enclose_conc_calls
         1x                         |        0.0s        0.0s                         | cpt::fill_assignment_operators
         1x                         |        0.0s        0.0s                         | cpt::flatten_vhdl_ports
         1x                         |        0.0s        0.0s                         | cpt::for2while
         1x                         |        0.0s        0.0s                         | cpt::foreach2for
         1x                         |        0.0s        0.0s                         | cpt::func2task
        97x                         |        0.0s        0.0s                         | cpt::generate_node_heat_map
         1x                         |        0.0s        0.0s                         | cpt::generate_temp_for_cpp
        10x                         |        0.0s        0.0s                         | cpt::get_cptroot
         8x                         |        0.0s        0.0s                         | cpt::get_language
         2x                         |        0.0s        0.0s                         | cpt::get_top_cptroot
         1x                         |        0.0s        0.0s                         | cpt::handle_ac_probe_stmts
         1x                         |        0.0s        0.0s                         | cpt::handle_ac_probes
         1x                         |        0.2s        0.2s                         | cpt::handle_ac_sc_constructs_natively
         1x                         |        0.0s        0.0s                         | cpt::handle_acchannel_size
         1x                         |        0.0s        0.0s                         | cpt::handle_acinitarray_for_multidim_arrays
         1x                         |        0.0s        0.0s                         | cpt::handle_bitset
         1x                         |        0.0s        0.0s                         | cpt::handle_builtins
         1x                         |        0.0s        0.0s                         | cpt::handle_ccores
         1x                         |        0.0s        0.0s                         | cpt::handle_complex_sv_formals
         1x                         |        0.0s        0.0s                         | cpt::handle_cpp_initializations
         1x                         |        0.0s        0.0s                         | cpt::handle_float_types_natively
         1x                         |        0.0s        0.0s                         | cpt::handle_goto
         1x                         |        0.0s        0.0s                         | cpt::handle_memset
         1x                         |        0.0s        0.0s                         | cpt::handle_new
         1x                         |        0.0s        0.0s                         | cpt::handle_property_asserts
         1x                         |        0.0s        0.0s                         | cpt::handle_shift_operations
         1x                         |        0.0s        0.0s                         | cpt::handle_smart_pointers
         1x                         |        0.0s        0.0s                         | cpt::handle_static_prop_waivechecks
         1x                         |        0.0s        0.0s                         | cpt::handle_sv_array_struct_ports
         1x                         |        0.5s        0.5s                         | cpt::handle_systemc_constructs
         1x                         |        0.0s        0.0s                         | cpt::handle_type_expr
         1x                         |        0.0s        0.0s                         | cpt::handle_user_cover
         1x                         |        0.0s        0.0s                         | cpt::handle_variadic_function
         1x                         |        0.0s        0.0s                         | cpt::handle_variadic_template
         1x                         |        0.0s        0.0s                         | cpt::identify_accumulators
         1x                         |        0.0s        0.0s                         | cpt::identify_full_case
         1x                         |        0.0s        0.0s                         | cpt::identify_unrolled_loops
         1x                         |        0.0s        0.0s                         | cpt::identify_wait_in_loops
         1x                         |        0.0s        0.0s                         | cpt::if_convert
         1x                         |        0.2s        0.2s                         | cpt::ignore_system_header_io
         3x                         |        0.0s        0.0s                         | cpt::infer_clock
         2x                         |        0.0s        0.0s                         | cpt::infer_power_up_values
         3x                         |        0.0s        0.0s                         | cpt::inline_functions
         1x                         |        0.0s        0.0s                         | cpt::inout_dir
         1x                         |        0.0s        0.0s                         | cpt::insert_acprobecall_for_cformalassert_top
         1x                         |        0.0s        0.0s                         | cpt::introduce_writes_for_roms
         1x                         |        0.0s        0.0s                         | cpt::is_gate_level_design
        10x                         |        0.0s        0.0s                         | cpt::linked
         4x                         |        0.0s        0.0s                         | cpt::linked_and_build
         1x                         |        0.0s        0.0s                         | cpt::loop_unroll
         2x                         |        0.0s        0.0s                         | cpt::mark_loop
         1x                         |        0.0s        0.0s                         | cpt::mark_loop_as_unroll_in_compiler_generated_functions
         1x                         |        0.0s        0.0s                         | cpt::mark_loop_in_acinit_array_as_unrolled
         1x                         |        0.0s        0.0s                         | cpt::mark_mem_sym
         1x                         |        0.0s        0.0s                         | cpt::markfullcase
         2x                         |        0.0s        0.0s                         | cpt::match_operand_widths
         1x                         |        0.0s        0.0s                         | cpt::mixed_lang_to_cpt
         1x                         |        0.0s        0.0s                         | cpt::move_defaultassigns_inctor_tofuncs
         2x                         |        0.0s        0.0s                         | cpt::mux_compaction
         1x                         |        0.0s        0.0s                         | cpt::natively_handle_ac_builtin_func
         2x                         |        0.0s        0.0s                         | cpt::nb2b
         2x                         |        0.0s        0.0s                         | cpt::normalize_negating_exprs
         1x                         |        0.0s        0.0s                         | cpt::normalize_negative_shifts
         1x                         |        0.0s        0.0s                         | cpt::order_con_statements
         1x                         |        0.0s        0.0s                         | cpt::post_elab_const_prop
         1x                         |        0.0s        0.0s                         | cpt::pre_inlining_const_prop
         1x                         |        0.2s        0.2s                         | cpt::pre_linking_traversals
         1x                         |        0.0s        0.0s                         | cpt::pre_process_composite_callexprs
         1x                         |        0.0s        0.0s                         | cpt::predicate_disables
         1x                         |        0.0s        0.0s                         | cpt::predicate_switch_stmts
         1x                         |        0.0s        0.0s                         | cpt::predicate_unrolled_loops
         2x                         |        0.0s        0.0s                         | cpt::prep_for_cdb
         1x                         |        0.0s        0.0s                         | cpt::preprocess4bb
         1x                         |        0.0s        0.0s                         | cpt::preprocess_non_orthogonal_unions
         1x                         |        0.0s        0.0s                         | cpt::prune_cover_stmt
         2x                         |        0.0s        0.0s                         | cpt::prune_dead_selects
         2x                         |        0.0s        0.0s                         | cpt::prune_selects
         1x                         |        2.5s        2.5s                         | cpt::read_cpp
         1x                         |        0.0s        0.0s                         | cpt::read_mixed_lang
         7x                         |        0.0s        0.0s                         | cpt::record_design_checks
         2x                         |        0.1s        0.1s                         | cpt::remove
         1x                         |        0.0s        0.0s                         | cpt::remove_acinitarray_for_symbolic_memories
         1x                         |        0.0s        0.0s                         | cpt::remove_bottom_hier_ctor_from_top
         1x                         |        0.0s        0.0s                         | cpt::remove_complete_bitranges
         2x                         |        0.0s        0.0s                         | cpt::remove_dead_assigns
         1x                         |        0.0s        0.0s                         | cpt::remove_init_for_symbolic_memories
         1x                         |        0.0s        0.0s                         | cpt::remove_propagated_consts
         1x                         |        0.0s        0.0s                         | cpt::remove_range_expr
         1x                         |        0.0s        0.0s                         | cpt::remove_redundant_selects
         1x                         |        0.0s        0.0s                         | cpt::remove_sc_int_upcasts
         2x                         |        0.0s        0.0s                         | cpt::remove_trailingstmts_after_jumpstmts
         1x                         |        0.0s        0.0s                         | cpt::remove_trivially_true_asserts
         1x                         |        0.0s        0.0s                         | cpt::remove_vh_abs
         1x                         |        0.0s        0.0s                         | cpt::remove_vhdl_mod
         1x                         |        0.0s        0.0s                         | cpt::remove_vhdl_unused_decls
         1x                         |        0.0s        0.0s                         | cpt::remove_vlog_unused_decls
         1x                         |        0.0s        0.0s                         | cpt::remove_x_assignments
         1x                         |        0.0s        0.0s                         | cpt::rename_param_modules
         1x                         |        0.0s        0.0s                         | cpt::rename_unions
         1x                         |        0.0s        0.0s                         | cpt::repeat2for
         1x                         |        0.0s        0.0s                         | cpt::replace_missing_assign_op_with_assignment
         4x                         |        0.0s        0.0s                         | cpt::report_hierarchy
         1x                         |        0.0s        0.0s                         | cpt::reset_probes
         1x                         |        0.0s        0.0s                         | cpt::reset_restr
         1x                         |        0.0s        0.0s                         | cpt::sanitize_resets
         1x                         |        0.0s        0.0s                         | cpt::sanity_check
         1x                         |        0.0s        0.0s                         | cpt::sensitivity_scan
         1x                         |        0.0s        0.0s                         | cpt::set_verilog_orig_types
         1x                         |        0.0s        0.0s                         | cpt::simplified_upscope_static_var_decls
         1x                         |        0.0s        0.0s                         | cpt::smash_array
         1x                         |        0.0s        0.0s                         | cpt::smash_mdim_array
         1x                         |        0.0s        0.0s                         | cpt::smash_record
         1x                         |        0.0s        0.0s                         | cpt::sv_handle_composites
         1x                         |        0.0s        0.0s                         | cpt::synthesize_ac_sc_fixed_logic
         1x                         |        0.0s        0.0s                         | cpt::synthesize_sequential_hierarchies
         1x                         |        0.0s        0.0s                         | cpt::synthesize_sva
         1x                         |        0.0s        0.0s                         | cpt::transfer_array_size_from_parent_to_child_hierarchy
         1x                         |        0.0s        0.0s                         | cpt::transfer_pragmas_to_properties
         1x                         |        0.0s        0.0s                         | cpt::transform_init_block
         1x                         |        0.0s        0.0s                         | cpt::transform_inits_to_assigns
         2x                         |        0.0s        0.0s                         | cpt::transform_mem_comb_read
         1x                         |        0.0s        0.0s                         | cpt::transform_seed_branch_coverage_targets
         1x                         |        0.0s        0.0s                         | cpt::transform_slice_write
         1x                         |        0.0s        0.0s                         | cpt::transform_std_function
         1x                         |        0.0s        0.0s                         | cpt::typecast_signed_shifts
         1x                         |        0.0s        0.0s                         | cpt::uniquify_bboxes_and_insert_probes
         1x                         |        0.0s        0.0s                         | cpt::uniquify_vars_in_function
         1x                         |        0.0s        0.0s                         | cpt::update_internal_assert_src_rel
         1x                         |        0.0s        0.0s                         | cpt::upscope_class_decls
         1x                         |        0.0s        0.0s                         | cpt::validate_link_design_top
         2x                         |        0.0s        0.0s                         | cpt::var_bit_range
         2x                         |        0.0s        0.0s                         | cpt::var_bit_sel
         1x                         |        0.0s        0.0s                         | cpt::vhdl_check_operand_widths
         1x                         |        0.0s        0.0s                         | cpt::vhdl_collate_packages
         1x                         |        0.0s        0.0s                         | cpt::vhdl_handle_clock
         1x                         |        0.0s        0.0s                         | cpt::vlog_add_missing_actuals
         1x                         |        0.0s        0.0s                         | cpt::vlog_add_missing_instance_names
         1x                         |        0.0s        0.0s                         | cpt::vlog_downscope_packages
         1x                         |        0.0s        0.0s                         | cpt::vlog_elab_types
         1x                         |        0.0s        0.0s                         | cpt::vlog_fix_symbol_info
         1x                         |        0.0s        0.0s                         | cpt::wait_restr
         1x                         |        0.0s        0.0s                         | cpt::xform_user_asserts
         2x                         |        0.0s        0.0s                         | create_constraint
         1x                         |        0.0s        0.0s                         | create_map
         2x                         |        0.0s        0.0s                         | create_waveform
         1x                         |        0.0s        0.0s                         | create_zero
         2x                         |        0.0s        0.0s                         | derive_clock_domain
         1x                         |        0.0s        0.0s                         | destroy_mapdb
         2x                         |        0.0s        0.0s                         | disable_msg
         2x                         |        0.0s        0.0s                         | do_apply_map_post_spatial_analysis
         2x                         |        0.0s        0.0s                         | do_apply_map_pre_spatial_analysis
         7x                         |        0.0s        0.0s                         | do_consistency_check
         1x                         |        0.0s        0.0s                         | do_normalize
         1x                         |        0.0s        0.0s                         | do_obtain_reset
         2x                         |        0.0s        0.0s                         | do_optimize
         1x                         |        0.0s        0.0s                         | do_post_opt_reporting
         1x                         |        0.0s        0.0s                         | do_sim_based_validation
         1x                         |        0.4s        0.4s                         | do_solve
         1x                         |        0.0s        0.0s                         | do_spatial_analysis_on_maps_constraints
         1x                         |        0.0s        0.0s                         | finalize_flopmaps_converted_into_output_maps
         1x                         |        0.0s        0.0s                         | finalize_inductive_state_flop_maps
        54x                         |        0.0s        0.0s                         | find
       325x                         |        0.0s        0.0s                         | get_cpu_usage
      1300x                         |        0.0s        0.0s                         | get_global
         3x                         |        0.0s        0.0s                         | get_info
       323x                         |        0.0s        0.0s                         | get_mem_usage
       132x                         |        0.0s        0.0s                         | get_process_usage
         1x                         |        0.0s        0.0s                         | get_trans_pair
         3x                         |        0.0s        0.0s                         | get_version
         1x                         |        0.0s        0.0s                         | launch_ecs_subsessions
         2x                         |        2.1s        2.0s                         | link_design
         1x                         |        0.0s        0.0s                         | list_properties
         1x                         |        0.0s        0.0s                         | obtain_mapped_values_for_flops
         4x                         |        0.0s        0.0s                         | optimize_post_reset
         1x                         |        0.0s        0.0s                         | preserve_important_signals
         1x                         |        0.0s        0.0s                         | print_engine_sequence
         1x                         |        0.0s        0.0s                         | print_excluded_properties
         2x                         |        0.0s        0.0s                         | print_status
         1x                         |        0.0s        0.0s                         | print_summary
         1x                         |        0.1s        0.1s                         | print_verify_results
         1x                         |        0.0s        0.0s                         | process_cffm_arguments
         1x                         |        0.0s        0.0s                         | prune_unmapped_fanin_cone
         3x                         |        0.0s        0.0s                         | query_status
         2x                         |        2.5s        2.5s                         | read_design
         1x                         |        2.5s        2.5s                         | read_systemc
         1x                         |        0.0s        0.0s                         | read_verilog
         2x                         |        0.0s        0.0s                         | report_characteristics
         1x                         |        0.0s        0.0s                         | report_mapping
         1x                         |        0.0s        0.0s                         | report_reset_flops
         1x                         |        0.0s        0.0s                         | set_clock_domain
       191x                         |        0.0s        0.0s                         | set_global
         3x                         |        0.0s        0.0s                         | set_property
         1x                         |        0.0s        0.0s                         | set_reset_length
         1x                         |        0.0s        0.0s                         | set_verification_effort
         1x                         |        0.0s        0.0s                         | set_verification_mode
       575x                         |        6.7s        4.6s                         | source
         1x                         |        0.0s        0.0s                         | ta_fix_data_latches
         1x                         |        0.0s        0.0s                         | ta_fix_setup_violation
       577x                         |        6.7s        4.6s                         | tcl_source
         1x                         |        0.6s        0.6s                         | verify
         1x                         |        0.0s        0.0s                         | verify_init
         2x                         |        0.1s        0.0s                         | write_db
         1x                         |        0.0s        0.0s                         | write_pristine_db


=== Counters ========================================================================================================================================

         0x | BDD::NumAborted
         0x | BDD::NumBypassed
         0x | BDD::NumFalsifiedwCtrEx
         0x | BDD::NumFalsifiedwoCtrEx
         0x | BDD::NumPosed
         0x | BDD::NumProved
         0x | BDD::NumSent
         0x | BDD::NumTriviallyProved
         0x | BDD::NumUnresolved
         0x | BLS::NumProbsAborted
         0x | BLS::NumProbsFalsified
         0x | BLS::NumProbsPosed
         0x | BLS::NumProbsProved
         0x | ESS::NumProbsAborted
         0x | ESS::NumProbsFalsified
         0x | ESS::NumProbsPosed
         0x | ESS::NumProbsProved
         5x | ExprManager::constructor
         0x | FlopInfo::NumFinalFlopsInFaninImpl
         1x | FlopInfo::NumFinalFlopsInFaninSpec
         0x | FlopInfo::NumFinalFlopsInFaninWithResetImpl
         1x | FlopInfo::NumFinalFlopsInFaninWithResetSpec
         0x | FlopInfo::NumOrigFlopsInFaninImpl
         1x | FlopInfo::NumOrigFlopsInFaninSpec
         0x | MultiThreaded::SatExtABC::NumProbsAborted
         0x | MultiThreaded::SatExtABC::NumProbsFalsified
         0x | MultiThreaded::SatExtABC::NumProbsPosed
         0x | MultiThreaded::SatExtABC::NumProbsProved
         0x | SAT::NumProbsAborted
         0x | SAT::NumProbsFalsified
         0x | SAT::NumProbsPosed
         0x | SAT::NumProbsProved
         0x | WLS::NumProbsAborted
         0x | WLS::NumProbsFalsified
         0x | WLS::NumProbsPosed
         0x | WLS::NumProbsProved


=== Resources Used ==================================================================================================================================

         1x                         |        5.8s        5.8s                         | TOP
         0x                         |        0.0s                                     | TOP::CASE_SPLIT
        36x                         |        0.0s        0.0s                         | TOP::CGEN_GENERATE_COMPONENT
      5057x                         |        0.0s        0.0s                         | TOP::CMDs
         1x                         |        0.0s        0.0s                         | TOP::CMDs::__add_independent_clock_enables
         1x                         |        0.0s        0.0s                         | TOP::CMDs::__apply_always_constant
         6x                         |        0.0s        0.0s                         | TOP::CMDs::__cdb_exists
         2x                         |        0.0s        0.0s                         | TOP::CMDs::__has_inout
         2x                         |        0.0s        0.0s                         | TOP::CMDs::__process_hier_power_models
         1x                         |        0.0s        0.0s                         | TOP::CMDs::__process_independent_clock_enables
         2x                         |        0.0s        0.0s                         | TOP::CMDs::__set_hierarchy
         4x                         |        0.0s        0.0s                         | TOP::CMDs::_bitblast_clock_tree
         4x                         |        0.0s        0.0s                         | TOP::CMDs::_buf_rm
         4x                         |        0.0s        0.0s                         | TOP::CMDs::_compute_clock_info
         2x                         |        0.0s        0.0s                         | TOP::CMDs::_constprop_clkindata
         9x                         |        0.0s        0.0s                         | TOP::CMDs::_count_message
         1x                         |        0.0s        0.0s                         | TOP::CMDs::_db_move_async_reset
         2x                         |        0.0s        0.0s                         | TOP::CMDs::_db_move_clkgate
         2x                         |        0.0s        0.0s                         | TOP::CMDs::_deadcode_elim
         2x                         |        0.0s        0.0s                         | TOP::CMDs::_defer_messages
         3x                         |        0.0s        0.0s                         | TOP::CMDs::_feature_marker
         6x                         |        0.0s        0.0s                         | TOP::CMDs::_get_new_mods
         3x                         |        0.0s        0.0s                         | TOP::CMDs::_get_set_constant
         6x                         |        0.0s        0.0s                         | TOP::CMDs::_get_state
       113x                         |        0.0s        0.0s                         | TOP::CMDs::_get_user_level
         2x                         |        0.0s        0.0s                         | TOP::CMDs::_identify_clock_computing_flops_and_latches
         2x                         |        0.0s        0.0s                         | TOP::CMDs::_infer_muxlatch
       772x                         |        0.0s        0.0s                         | TOP::CMDs::_issue_msg
        32x                         |        0.0s        0.0s                         | TOP::CMDs::_log_env_access
         2x                         |        0.0s        0.0s                         | TOP::CMDs::_mem_cell_2_mem_mod
         2x                         |        0.0s        0.0s                         | TOP::CMDs::_merge_cdbmerge_node
         8x                         |        0.0s        0.0s                         | TOP::CMDs::_normalize_path
         2x                         |        0.0s        0.0s                         | TOP::CMDs::_open_logfile
         1x                         |        0.0s        0.0s                         | TOP::CMDs::_preprocess_clock_tree
         1x                         |        0.0s        0.0s                         | TOP::CMDs::_print_black_boxes
         1x                         |        0.0s        0.0s                         | TOP::CMDs::_process_all_symbconst
         2x                         |        0.0s        0.0s                         | TOP::CMDs::_process_cgic
         1x                         |        0.0s        0.0s                         | TOP::CMDs::_process_symbolically_mapped_flop_resets
         2x                         |        0.0s        0.0s                         | TOP::CMDs::_reduce_comparators
         2x                         |        0.0s        0.0s                         | TOP::CMDs::_remove_transparent_latch
         2x                         |        0.0s        0.0s                         | TOP::CMDs::_rename_operators
         2x                         |        0.0s        0.0s                         | TOP::CMDs::_replace_float_shells
         2x                         |        0.0s        0.0s                         | TOP::CMDs::_replace_latches_with_ff
        10x                         |        0.0s        0.0s                         | TOP::CMDs::_reset_slec_timing
         2x                         |        0.0s        0.0s                         | TOP::CMDs::_resolve_dead_multi_drivers
         1x                         |        0.0s        0.0s                         | TOP::CMDs::_resolve_multi_drivers
         3x                         |        0.0s        0.0s                         | TOP::CMDs::_set_command_access
         1x                         |        0.0s        0.0s                         | TOP::CMDs::_synchronize_spec_impl_clock_domains
         4x                         |        0.0s        0.0s                         | TOP::CMDs::_transform_constant_clock_flops_latches
         2x                         |        0.0s        0.0s                         | TOP::CMDs::_uniqify
         3x                         |        0.0s        0.0s                         | TOP::CMDs::append_global
         2x                         |        0.0s        0.0s                         | TOP::CMDs::apply_forever_constants
         1x                         |        0.0s        0.0s                         | TOP::CMDs::blackbox_datapath_latches_and_cgics
         6x                         |        0.0s        0.0s                         | TOP::CMDs::bls_node
         2x                         |        0.1s        0.1s                         | TOP::CMDs::build_db
         1x                         |        0.0s        0.0s                         | TOP::CMDs::build_design
         2x                         |        0.0s        0.0s                         | TOP::CMDs::calypto_product
         2x                         |        0.1s        0.0s                         | TOP::CMDs::cdb_write_db
         4x                         |        0.0s        0.0s                         | TOP::CMDs::cdesign_checker_print_checks
         2x                         |        0.1s        0.1s                         | TOP::CMDs::cdesign_checker_report_checks
         1x                         |        0.0s        0.0s                         | TOP::CMDs::check_properties
         1x                         |        0.0s        0.0s                         | TOP::CMDs::check_single_property_type
        39x                         |        0.0s        0.0s                         | TOP::CMDs::config_property_checks
         1x                         |        0.0s        0.0s                         | TOP::CMDs::config_solver_clustering
         1x                         |        0.0s        0.0s                         | TOP::CMDs::config_trace_files
         1x                         |        0.0s        0.0s                         | TOP::CMDs::cpt::abstract_channel_io
         1x                         |        0.0s        0.0s                         | TOP::CMDs::cpt::abstract_large_arrays
         1x                         |        0.0s        0.0s                         | TOP::CMDs::cpt::add_ac_builtin_func
         1x                         |        0.0s        0.0s                         | TOP::CMDs::cpt::add_missing_default_branch
         1x                         |        0.0s        0.0s                         | TOP::CMDs::cpt::add_missing_default_ctor_for_static_objects
         1x                         |        0.0s        0.0s                         | TOP::CMDs::cpt::add_ref_on_assigns
         1x                         |        0.0s        0.0s                         | TOP::CMDs::cpt::add_umr_detection_checks
         1x                         |        0.0s        0.0s                         | TOP::CMDs::cpt::align_column_number
         1x                         |        0.0s        0.0s                         | TOP::CMDs::cpt::assign_branch_numbers
         1x                         |        0.0s        0.0s                         | TOP::CMDs::cpt::bind_module_to_tech_cell
         2x                         |        0.0s        0.0s                         | TOP::CMDs::cpt::bit_split
         1x                         |        0.0s        0.0s                         | TOP::CMDs::cpt::blast_floating_point_array_access
         1x                         |        0.0s        0.0s                         | TOP::CMDs::cpt::break_array_read_ps
         2x                         |        0.0s        0.0s                         | TOP::CMDs::cpt::build_cdb
         2x                         |        0.1s        0.1s                         | TOP::CMDs::cpt::canonize_cpt_for_cpp
         1x                         |        0.0s        0.0s                         | TOP::CMDs::cpt::canonize_disables
         1x                         |        0.0s        0.0s                         | TOP::CMDs::cpt::case2if
         1x                         |        0.0s        0.0s                         | TOP::CMDs::cpt::ccov_hierarchy
         1x                         |        0.0s        0.0s                         | TOP::CMDs::cpt::ccovercheck_dominator
         1x                         |        0.0s        0.0s                         | TOP::CMDs::cpt::change_vhdl_arrayrange_bounds
         1x                         |        0.0s        0.0s                         | TOP::CMDs::cpt::check_nonsynthesizables
         1x                         |        0.0s        0.0s                         | TOP::CMDs::cpt::check_vhdl_nonsynth
         3x                         |        0.2s        0.2s                         | TOP::CMDs::cpt::cleanup
         1x                         |        0.0s        0.0s                         | TOP::CMDs::cpt::cleanup_attributes
         1x                         |        0.0s        0.0s                         | TOP::CMDs::cpt::cleanup_empty_seq_block
         1x                         |        0.0s        0.0s                         | TOP::CMDs::cpt::clear_link_design_flags
         1x                         |        0.0s        0.0s                         | TOP::CMDs::cpt::coalesce_complex_port_maps
         2x                         |        0.0s        0.0s                         | TOP::CMDs::cpt::coalesce_concats
         2x                         |        0.0s        0.0s                         | TOP::CMDs::cpt::coalesce_multi_concats
         1x                         |        0.0s        0.0s                         | TOP::CMDs::cpt::compute_checksums
         1x                         |        0.0s        0.0s                         | TOP::CMDs::cpt::compute_struct_or_union_size
         2x                         |        0.0s        0.0s                         | TOP::CMDs::cpt::concat2sel
         1x                         |        0.0s        0.0s                         | TOP::CMDs::cpt::cond2sel
         4x                         |        0.0s        0.0s                         | TOP::CMDs::cpt::const_fold
         2x                         |        0.0s        0.0s                         | TOP::CMDs::cpt::const_prop
         2x                         |        0.0s        0.0s                         | TOP::CMDs::cpt::const_prop_for_cpp
         1x                         |        0.0s        0.0s                         | TOP::CMDs::cpt::convert_bitfields_to_bitvector
         1x                         |        0.0s        0.0s                         | TOP::CMDs::cpt::convert_coverstmt_to_cvrassert
         1x                         |        0.0s        0.0s                         | TOP::CMDs::cpt::convert_enums_to_ints
         1x                         |        0.0s        0.0s                         | TOP::CMDs::cpt::convert_init_stmt_to_cpp_init_block
         1x                         |        0.0s        0.0s                         | TOP::CMDs::cpt::convert_posassoc_to_namedassoc
         1x                         |        0.0s        0.0s                         | TOP::CMDs::cpt::convert_std_fpoint_func_to_builtins
         1x                         |        0.0s        0.0s                         | TOP::CMDs::cpt::convert_types
         1x                         |        0.0s        0.0s                         | TOP::CMDs::cpt::convert_upto_bit_ranges
         1x                         |        0.0s        0.0s                         | TOP::CMDs::cpt::convert_vhdl_arith_shifts
         1x                         |        0.0s        0.0s                         | TOP::CMDs::cpt::convert_vhdl_attr_to_func
         1x                         |        0.0s        0.0s                         | TOP::CMDs::cpt::cover_check
         1x                         |        0.0s                                     | TOP::CMDs::cpt::cover_check_reporter
         1x                         |        0.1s        0.1s                         | TOP::CMDs::cpt::cpp_elaborate
         1x                         |        0.0s        0.0s                         | TOP::CMDs::cpt::cpp_predicate_continue_stmt
         1x                         |        0.0s        0.0s                         | TOP::CMDs::cpt::cpt_create_temp_aggregates
         1x                         |        0.0s        0.0s                         | TOP::CMDs::cpt::cpt_handle_bbox
         1x                         |        0.0s        0.0s                         | TOP::CMDs::cpt::cpt_insert_waits_forcpc
         1x                         |        0.0s        0.0s                         | TOP::CMDs::cpt::cpt_name_always_blocks_parallel_sels
         1x                         |        0.0s        0.0s                         | TOP::CMDs::cpt::cpt_number_always_blocks
         1x                         |        0.0s        0.0s                         | TOP::CMDs::cpt::cpt_optmize_black_boxes
         2x                         |        0.0s        0.0s                         | TOP::CMDs::cpt::create_cdb_symbols
         1x                         |        0.0s        0.0s                         | TOP::CMDs::cpt::create_init_for_uninitialized_global_ctype_decls
         2x                         |        0.0s        0.0s                         | TOP::CMDs::cpt::create_tmp
         1x                         |        0.0s        0.0s                         | TOP::CMDs::cpt::cross_file_link
         1x                         |        0.0s        0.0s                         | TOP::CMDs::cpt::cross_hier_refs
         1x                         |        0.0s        0.0s                         | TOP::CMDs::cpt::deadcode
         1x                         |        0.0s        0.0s                         | TOP::CMDs::cpt::delete_loop_var_assigns
         1x                         |        0.0s        0.0s                         | TOP::CMDs::cpt::detect_and_resolve_multidriver
         1x                         |        0.0s        0.0s                         | TOP::CMDs::cpt::dissolve_block_names
         1x                         |        0.0s        0.0s                         | TOP::CMDs::cpt::dissolve_init_repeats
         1x                         |        0.0s        0.0s                         | TOP::CMDs::cpt::dissolve_nested_blocks
         1x                         |        0.0s        0.0s                         | TOP::CMDs::cpt::distill_modcalls
         1x                         |        0.0s        0.0s                         | TOP::CMDs::cpt::distill_selects
         9x                         |        0.1s        0.0s                         | TOP::CMDs::cpt::do_design_checks
         1x                         |        0.0s        0.0s                         | TOP::CMDs::cpt::down_scope_consts
         1x                         |        0.0s        0.0s                         | TOP::CMDs::cpt::down_scope_signals_in_pkg
         1x                         |        0.0s        0.0s                         | TOP::CMDs::cpt::elaborate
         2x                         |        0.0s        0.0s                         | TOP::CMDs::cpt::enclose_conc_calls
         1x                         |        0.0s        0.0s                         | TOP::CMDs::cpt::fill_assignment_operators
         1x                         |        0.0s        0.0s                         | TOP::CMDs::cpt::flatten_vhdl_ports
         1x                         |        0.0s        0.0s                         | TOP::CMDs::cpt::for2while
         1x                         |        0.0s        0.0s                         | TOP::CMDs::cpt::foreach2for
         1x                         |        0.0s        0.0s                         | TOP::CMDs::cpt::func2task
        97x                         |        0.0s        0.0s                         | TOP::CMDs::cpt::generate_node_heat_map
         1x                         |        0.0s        0.0s                         | TOP::CMDs::cpt::generate_temp_for_cpp
        10x                         |        0.0s        0.0s                         | TOP::CMDs::cpt::get_cptroot
         8x                         |        0.0s        0.0s                         | TOP::CMDs::cpt::get_language
         2x                         |        0.0s        0.0s                         | TOP::CMDs::cpt::get_top_cptroot
         1x                         |        0.0s        0.0s                         | TOP::CMDs::cpt::handle_ac_probe_stmts
         1x                         |        0.0s        0.0s                         | TOP::CMDs::cpt::handle_ac_probes
         1x                         |        0.2s        0.2s                         | TOP::CMDs::cpt::handle_ac_sc_constructs_natively
         1x                         |        0.0s        0.0s                         | TOP::CMDs::cpt::handle_acchannel_size
         1x                         |        0.0s        0.0s                         | TOP::CMDs::cpt::handle_acinitarray_for_multidim_arrays
         1x                         |        0.0s        0.0s                         | TOP::CMDs::cpt::handle_bitset
         1x                         |        0.0s        0.0s                         | TOP::CMDs::cpt::handle_builtins
         1x                         |        0.0s        0.0s                         | TOP::CMDs::cpt::handle_ccores
         1x                         |        0.0s        0.0s                         | TOP::CMDs::cpt::handle_complex_sv_formals
         1x                         |        0.0s        0.0s                         | TOP::CMDs::cpt::handle_cpp_initializations
         1x                         |        0.0s        0.0s                         | TOP::CMDs::cpt::handle_float_types_natively
         1x                         |        0.0s        0.0s                         | TOP::CMDs::cpt::handle_goto
         1x                         |        0.0s        0.0s                         | TOP::CMDs::cpt::handle_memset
         1x                         |        0.0s        0.0s                         | TOP::CMDs::cpt::handle_new
         1x                         |        0.0s        0.0s                         | TOP::CMDs::cpt::handle_property_asserts
         1x                         |        0.0s        0.0s                         | TOP::CMDs::cpt::handle_shift_operations
         1x                         |        0.0s        0.0s                         | TOP::CMDs::cpt::handle_smart_pointers
         1x                         |        0.0s        0.0s                         | TOP::CMDs::cpt::handle_static_prop_waivechecks
         1x                         |        0.0s        0.0s                         | TOP::CMDs::cpt::handle_sv_array_struct_ports
         1x                         |        0.5s        0.5s                         | TOP::CMDs::cpt::handle_systemc_constructs
         1x                         |        0.0s        0.0s                         | TOP::CMDs::cpt::handle_type_expr
         1x                         |        0.0s        0.0s                         | TOP::CMDs::cpt::handle_user_cover
         1x                         |        0.0s        0.0s                         | TOP::CMDs::cpt::handle_variadic_function
         1x                         |        0.0s        0.0s                         | TOP::CMDs::cpt::handle_variadic_template
         1x                         |        0.0s        0.0s                         | TOP::CMDs::cpt::identify_accumulators
         1x                         |        0.0s        0.0s                         | TOP::CMDs::cpt::identify_full_case
         1x                         |        0.0s        0.0s                         | TOP::CMDs::cpt::identify_unrolled_loops
         1x                         |        0.0s        0.0s                         | TOP::CMDs::cpt::identify_wait_in_loops
         1x                         |        0.0s        0.0s                         | TOP::CMDs::cpt::if_convert
         1x                         |        0.2s        0.2s                         | TOP::CMDs::cpt::ignore_system_header_io
         3x                         |        0.0s        0.0s                         | TOP::CMDs::cpt::infer_clock
         2x                         |        0.0s        0.0s                         | TOP::CMDs::cpt::infer_power_up_values
         3x                         |        0.0s        0.0s                         | TOP::CMDs::cpt::inline_functions
         1x                         |        0.0s        0.0s                         | TOP::CMDs::cpt::inout_dir
         1x                         |        0.0s        0.0s                         | TOP::CMDs::cpt::insert_acprobecall_for_cformalassert_top
         1x                         |        0.0s        0.0s                         | TOP::CMDs::cpt::introduce_writes_for_roms
         1x                         |        0.0s        0.0s                         | TOP::CMDs::cpt::is_gate_level_design
        10x                         |        0.0s        0.0s                         | TOP::CMDs::cpt::linked
         4x                         |        0.0s        0.0s                         | TOP::CMDs::cpt::linked_and_build
         1x                         |        0.0s        0.0s                         | TOP::CMDs::cpt::loop_unroll
         2x                         |        0.0s        0.0s                         | TOP::CMDs::cpt::mark_loop
         1x                         |        0.0s        0.0s                         | TOP::CMDs::cpt::mark_loop_as_unroll_in_compiler_generated_functions
         1x                         |        0.0s        0.0s                         | TOP::CMDs::cpt::mark_loop_in_acinit_array_as_unrolled
         1x                         |        0.0s        0.0s                         | TOP::CMDs::cpt::mark_mem_sym
         1x                         |        0.0s        0.0s                         | TOP::CMDs::cpt::markfullcase
         2x                         |        0.0s        0.0s                         | TOP::CMDs::cpt::match_operand_widths
         1x                         |        0.0s        0.0s                         | TOP::CMDs::cpt::mixed_lang_to_cpt
         1x                         |        0.0s        0.0s                         | TOP::CMDs::cpt::move_defaultassigns_inctor_tofuncs
         2x                         |        0.0s        0.0s                         | TOP::CMDs::cpt::mux_compaction
         1x                         |        0.0s        0.0s                         | TOP::CMDs::cpt::natively_handle_ac_builtin_func
         2x                         |        0.0s        0.0s                         | TOP::CMDs::cpt::nb2b
         2x                         |        0.0s        0.0s                         | TOP::CMDs::cpt::normalize_negating_exprs
         1x                         |        0.0s        0.0s                         | TOP::CMDs::cpt::normalize_negative_shifts
         1x                         |        0.0s        0.0s                         | TOP::CMDs::cpt::order_con_statements
         1x                         |        0.0s        0.0s                         | TOP::CMDs::cpt::post_elab_const_prop
         1x                         |        0.0s        0.0s                         | TOP::CMDs::cpt::pre_inlining_const_prop
         1x                         |        0.2s        0.2s                         | TOP::CMDs::cpt::pre_linking_traversals
         1x                         |        0.0s        0.0s                         | TOP::CMDs::cpt::pre_process_composite_callexprs
         1x                         |        0.0s        0.0s                         | TOP::CMDs::cpt::predicate_disables
         1x                         |        0.0s        0.0s                         | TOP::CMDs::cpt::predicate_switch_stmts
         1x                         |        0.0s        0.0s                         | TOP::CMDs::cpt::predicate_unrolled_loops
         2x                         |        0.0s        0.0s                         | TOP::CMDs::cpt::prep_for_cdb
         1x                         |        0.0s        0.0s                         | TOP::CMDs::cpt::preprocess4bb
         1x                         |        0.0s        0.0s                         | TOP::CMDs::cpt::preprocess_non_orthogonal_unions
         1x                         |        0.0s        0.0s                         | TOP::CMDs::cpt::prune_cover_stmt
         2x                         |        0.0s        0.0s                         | TOP::CMDs::cpt::prune_dead_selects
         2x                         |        0.0s        0.0s                         | TOP::CMDs::cpt::prune_selects
         1x                         |        2.5s        2.5s                         | TOP::CMDs::cpt::read_cpp
         1x                         |        0.0s        0.0s                         | TOP::CMDs::cpt::read_mixed_lang
         7x                         |        0.0s        0.0s                         | TOP::CMDs::cpt::record_design_checks
         2x                         |        0.1s        0.1s                         | TOP::CMDs::cpt::remove
         1x                         |        0.0s        0.0s                         | TOP::CMDs::cpt::remove_acinitarray_for_symbolic_memories
         1x                         |        0.0s        0.0s                         | TOP::CMDs::cpt::remove_bottom_hier_ctor_from_top
         1x                         |        0.0s        0.0s                         | TOP::CMDs::cpt::remove_complete_bitranges
         2x                         |        0.0s        0.0s                         | TOP::CMDs::cpt::remove_dead_assigns
         1x                         |        0.0s        0.0s                         | TOP::CMDs::cpt::remove_init_for_symbolic_memories
         1x                         |        0.0s        0.0s                         | TOP::CMDs::cpt::remove_propagated_consts
         1x                         |        0.0s        0.0s                         | TOP::CMDs::cpt::remove_range_expr
         1x                         |        0.0s        0.0s                         | TOP::CMDs::cpt::remove_redundant_selects
         1x                         |        0.0s        0.0s                         | TOP::CMDs::cpt::remove_sc_int_upcasts
         2x                         |        0.0s        0.0s                         | TOP::CMDs::cpt::remove_trailingstmts_after_jumpstmts
         1x                         |        0.0s        0.0s                         | TOP::CMDs::cpt::remove_trivially_true_asserts
         1x                         |        0.0s        0.0s                         | TOP::CMDs::cpt::remove_vh_abs
         1x                         |        0.0s        0.0s                         | TOP::CMDs::cpt::remove_vhdl_mod
         1x                         |        0.0s        0.0s                         | TOP::CMDs::cpt::remove_vhdl_unused_decls
         1x                         |        0.0s        0.0s                         | TOP::CMDs::cpt::remove_vlog_unused_decls
         1x                         |        0.0s        0.0s                         | TOP::CMDs::cpt::remove_x_assignments
         1x                         |        0.0s        0.0s                         | TOP::CMDs::cpt::rename_param_modules
         1x                         |        0.0s        0.0s                         | TOP::CMDs::cpt::rename_unions
         1x                         |        0.0s        0.0s                         | TOP::CMDs::cpt::repeat2for
         1x                         |        0.0s        0.0s                         | TOP::CMDs::cpt::replace_missing_assign_op_with_assignment
         4x                         |        0.0s        0.0s                         | TOP::CMDs::cpt::report_hierarchy
         1x                         |        0.0s        0.0s                         | TOP::CMDs::cpt::reset_probes
         1x                         |        0.0s        0.0s                         | TOP::CMDs::cpt::reset_restr
         1x                         |        0.0s        0.0s                         | TOP::CMDs::cpt::sanitize_resets
         1x                         |        0.0s        0.0s                         | TOP::CMDs::cpt::sanity_check
         1x                         |        0.0s        0.0s                         | TOP::CMDs::cpt::sensitivity_scan
         1x                         |        0.0s        0.0s                         | TOP::CMDs::cpt::set_verilog_orig_types
         1x                         |        0.0s        0.0s                         | TOP::CMDs::cpt::simplified_upscope_static_var_decls
         1x                         |        0.0s        0.0s                         | TOP::CMDs::cpt::smash_array
         1x                         |        0.0s        0.0s                         | TOP::CMDs::cpt::smash_mdim_array
         1x                         |        0.0s        0.0s                         | TOP::CMDs::cpt::smash_record
         1x                         |        0.0s        0.0s                         | TOP::CMDs::cpt::sv_handle_composites
         1x                         |        0.0s        0.0s                         | TOP::CMDs::cpt::synthesize_ac_sc_fixed_logic
         1x                         |        0.0s        0.0s                         | TOP::CMDs::cpt::synthesize_sequential_hierarchies
         1x                         |        0.0s        0.0s                         | TOP::CMDs::cpt::synthesize_sva
         1x                         |        0.0s        0.0s                         | TOP::CMDs::cpt::transfer_array_size_from_parent_to_child_hierarchy
         1x                         |        0.0s        0.0s                         | TOP::CMDs::cpt::transfer_pragmas_to_properties
         1x                         |        0.0s        0.0s                         | TOP::CMDs::cpt::transform_init_block
         1x                         |        0.0s        0.0s                         | TOP::CMDs::cpt::transform_inits_to_assigns
         2x                         |        0.0s        0.0s                         | TOP::CMDs::cpt::transform_mem_comb_read
         1x                         |        0.0s        0.0s                         | TOP::CMDs::cpt::transform_seed_branch_coverage_targets
         1x                         |        0.0s        0.0s                         | TOP::CMDs::cpt::transform_slice_write
         1x                         |        0.0s        0.0s                         | TOP::CMDs::cpt::transform_std_function
         1x                         |        0.0s        0.0s                         | TOP::CMDs::cpt::typecast_signed_shifts
         1x                         |        0.0s        0.0s                         | TOP::CMDs::cpt::uniquify_bboxes_and_insert_probes
         1x                         |        0.0s        0.0s                         | TOP::CMDs::cpt::uniquify_vars_in_function
         1x                         |        0.0s        0.0s                         | TOP::CMDs::cpt::update_internal_assert_src_rel
         1x                         |        0.0s        0.0s                         | TOP::CMDs::cpt::upscope_class_decls
         1x                         |        0.0s        0.0s                         | TOP::CMDs::cpt::validate_link_design_top
         2x                         |        0.0s        0.0s                         | TOP::CMDs::cpt::var_bit_range
         2x                         |        0.0s        0.0s                         | TOP::CMDs::cpt::var_bit_sel
         1x                         |        0.0s        0.0s                         | TOP::CMDs::cpt::vhdl_check_operand_widths
         1x                         |        0.0s        0.0s                         | TOP::CMDs::cpt::vhdl_collate_packages
         1x                         |        0.0s        0.0s                         | TOP::CMDs::cpt::vhdl_handle_clock
         1x                         |        0.0s        0.0s                         | TOP::CMDs::cpt::vlog_add_missing_actuals
         1x                         |        0.0s        0.0s                         | TOP::CMDs::cpt::vlog_add_missing_instance_names
         1x                         |        0.0s        0.0s                         | TOP::CMDs::cpt::vlog_downscope_packages
         1x                         |        0.0s        0.0s                         | TOP::CMDs::cpt::vlog_elab_types
         1x                         |        0.0s        0.0s                         | TOP::CMDs::cpt::vlog_fix_symbol_info
         1x                         |        0.0s        0.0s                         | TOP::CMDs::cpt::wait_restr
         1x                         |        0.0s        0.0s                         | TOP::CMDs::cpt::xform_user_asserts
         2x                         |        0.0s        0.0s                         | TOP::CMDs::create_constraint
         1x                         |        0.0s        0.0s                         | TOP::CMDs::create_map
         2x                         |        0.0s        0.0s                         | TOP::CMDs::create_waveform
         1x                         |        0.0s        0.0s                         | TOP::CMDs::create_zero
         2x                         |        0.0s        0.0s                         | TOP::CMDs::derive_clock_domain
         1x                         |        0.0s        0.0s                         | TOP::CMDs::destroy_mapdb
         2x                         |        0.0s        0.0s                         | TOP::CMDs::disable_msg
         2x                         |        0.0s        0.0s                         | TOP::CMDs::do_apply_map_post_spatial_analysis
         2x                         |        0.0s        0.0s                         | TOP::CMDs::do_apply_map_pre_spatial_analysis
         7x                         |        0.0s        0.0s                         | TOP::CMDs::do_consistency_check
         1x                         |        0.0s        0.0s                         | TOP::CMDs::do_normalize
         1x                         |        0.0s        0.0s                         | TOP::CMDs::do_obtain_reset
         2x                         |        0.0s        0.0s                         | TOP::CMDs::do_optimize
         1x                         |        0.0s        0.0s                         | TOP::CMDs::do_post_opt_reporting
         1x                         |        0.0s        0.0s                         | TOP::CMDs::do_sim_based_validation
         1x                         |        0.4s        0.4s                         | TOP::CMDs::do_solve
         1x                         |        0.0s        0.0s                         | TOP::CMDs::do_spatial_analysis_on_maps_constraints
         1x                         |        0.0s        0.0s                         | TOP::CMDs::finalize_flopmaps_converted_into_output_maps
         1x                         |        0.0s        0.0s                         | TOP::CMDs::finalize_inductive_state_flop_maps
        54x                         |        0.0s        0.0s                         | TOP::CMDs::find
       325x                         |        0.0s        0.0s                         | TOP::CMDs::get_cpu_usage
      1300x                         |        0.0s        0.0s                         | TOP::CMDs::get_global
         3x                         |        0.0s        0.0s                         | TOP::CMDs::get_info
       323x                         |        0.0s        0.0s                         | TOP::CMDs::get_mem_usage
       132x                         |        0.0s        0.0s                         | TOP::CMDs::get_process_usage
         1x                         |        0.0s        0.0s                         | TOP::CMDs::get_trans_pair
         3x                         |        0.0s        0.0s                         | TOP::CMDs::get_version
         1x                         |        0.0s        0.0s                         | TOP::CMDs::launch_ecs_subsessions
         2x                         |        2.1s        2.0s                         | TOP::CMDs::link_design
         1x                         |        0.0s        0.0s                         | TOP::CMDs::list_properties
         1x                         |        0.0s        0.0s                         | TOP::CMDs::obtain_mapped_values_for_flops
         4x                         |        0.0s        0.0s                         | TOP::CMDs::optimize_post_reset
         1x                         |        0.0s        0.0s                         | TOP::CMDs::preserve_important_signals
         1x                         |        0.0s        0.0s                         | TOP::CMDs::print_engine_sequence
         1x                         |        0.0s        0.0s                         | TOP::CMDs::print_excluded_properties
         2x                         |        0.0s        0.0s                         | TOP::CMDs::print_status
         1x                         |        0.0s        0.0s                         | TOP::CMDs::print_summary
         1x                         |        0.1s        0.1s                         | TOP::CMDs::print_verify_results
         1x                         |        0.0s        0.0s                         | TOP::CMDs::process_cffm_arguments
         1x                         |        0.0s        0.0s                         | TOP::CMDs::prune_unmapped_fanin_cone
         3x                         |        0.0s        0.0s                         | TOP::CMDs::query_status
         2x                         |        2.5s        2.5s                         | TOP::CMDs::read_design
         1x                         |        2.5s        2.5s                         | TOP::CMDs::read_systemc
         1x                         |        0.0s        0.0s                         | TOP::CMDs::read_verilog
         2x                         |        0.0s        0.0s                         | TOP::CMDs::report_characteristics
         1x                         |        0.0s        0.0s                         | TOP::CMDs::report_mapping
         1x                         |        0.0s        0.0s                         | TOP::CMDs::report_reset_flops
         1x                         |        0.0s        0.0s                         | TOP::CMDs::set_clock_domain
       191x                         |        0.0s        0.0s                         | TOP::CMDs::set_global
         3x                         |        0.0s        0.0s                         | TOP::CMDs::set_property
         1x                         |        0.0s        0.0s                         | TOP::CMDs::set_reset_length
         1x                         |        0.0s        0.0s                         | TOP::CMDs::set_verification_effort
         1x                         |        0.0s        0.0s                         | TOP::CMDs::set_verification_mode
       575x                         |        6.7s        4.6s                         | TOP::CMDs::source
         1x                         |        0.0s        0.0s                         | TOP::CMDs::ta_fix_data_latches
         1x                         |        0.0s        0.0s                         | TOP::CMDs::ta_fix_setup_violation
       577x                         |        6.7s        4.6s                         | TOP::CMDs::tcl_source
         1x                         |        0.6s        0.6s                         | TOP::CMDs::verify
         1x                         |        0.0s        0.0s                         | TOP::CMDs::verify_init
         2x                         |        0.1s        0.0s                         | TOP::CMDs::write_db
         1x                         |        0.0s        0.0s                         | TOP::CMDs::write_pristine_db
         0x                         |        0.0s                                     | TOP::ExprManager
         4x                         |        0.0s        0.0s                         | TOP::FuncAnal
         4x                         |        0.0s        0.0s                         | TOP::FuncAnal::FUNC_ANAL
         4x                         |        0.0s        0.0s                         | TOP::OPT_CONST_PROP
         4x                         |        0.0s        0.0s                         | TOP::OPT_CSE
         4x                         |        0.0s        0.0s                         | TOP::OPT_DEAD_CODE
         3x                         |        0.0s        0.0s                         | TOP::OPT_NOR_MUX
         3x                         |        0.0s        0.0s                         | TOP::OPT_RPIC
         3x                         |        0.0s        0.0s                         | TOP::OPT_UF_CONST_PROP
         3x                         |        0.0s        0.0s                         | TOP::OPT_UF_DEAD_CODE1
         2x                         |        0.0s        0.0s                         | TOP::OPT_UF_PRE_DEAD_CODE
         3x                         |        0.0s        0.0s                         | TOP::OPT_UF_STR_REDUX
         3x                         |        0.0s        0.0s                         | TOP::OPT_WLE
         1x                         |        0.0s        0.0s                         | TOP::PEN_TIME_init_check
         1x                         |        0.0s        0.0s                         | TOP::PerformAlwaysGoodXforms
         1x                         |        0.0s        0.0s                         | TOP::SBV
         0x                         |        0.0s                                     | TOP::TRANS_CONST
         1x          1x          0x |        0.4s        0.4s        0.4s        0.0s | TOP::VERIFY
         1x                         |        0.3s        0.3s                         | TOP::VERIFY::SEQ
         0x                         |        0.0s                                     | TOP::VERIFY::SEQ::CCORE_VALID_REMOVAL
         0x                         |        0.0s                                     | TOP::VERIFY::SEQ::ExprManager
         0x                         |        0.0s                                     | TOP::VERIFY::SEQ::HS
         1x                         |        0.0s        0.0s                         | TOP::VERIFY::SEQ::PENMGR_init_check
         1x                         |        0.0s        0.0s                         | TOP::VERIFY::SEQ::PENMGR_init_check::GetCandidates
        14x                         |        0.3s        0.1s                         | TOP::VERIFY::SEQ::PerformAlwaysGoodXforms
        10x                         |        0.0s        0.0s                         | TOP::VERIFY::SEQ::PerformAlwaysGoodXforms::FUNC_ANAL
         1x          1x          0x |        0.0s        0.0s        0.0s        0.0s | TOP::VERIFY::SEQ::SOLS
         1x          1x          0x |        0.0s                    0.0s        0.0s | TOP::VERIFY::SEQ::SRF
         1x          1x          0x |        0.0s        0.0s        0.0s        0.0s | TOP::VERIFY::SEQ::Transform1TU
         1x          1x          0x |        0.0s        0.0s        0.0s        0.0s | TOP::VERIFY::SEQ::Transform1TU::CASESPLIT
         1x          1x          0x |        0.0s        0.0s        0.0s        0.0s | TOP::VERIFY::SEQ::Transform1TU::Transform1TUXForm1
         9x                         |        0.3s        0.1s                         | TOP::VERIFY::SEQ::XForms
        10x                         |        0.0s        0.0s                         | TOP::VERIFY::SEQ::XForms::FuncAnal
        10x                         |        0.0s        0.0s                         | TOP::VERIFY::SEQ::XForms::FuncAnal::FUNC_ANAL
         1x                         |        0.0s        0.0s                         | TOP::XForms
