+-----------------------------------------------------------------------------------+
|                                                                                   |
| Generated by SLEC-2023.2/1056505  (Jul 18 2023)  linux64  S2307180103             |
| on Tue Mar 26 16:54:48 2024.                                                      |
|                                                                                   |
| Restrictions concerning the use of Siemens SLEC                                   |
| are covered in the license agreement. Distribution to third party                 |
| is strictly prohibited.                                                           |
|                                                                                   |
+-----------------------------------------------------------------------------------+

****************************************************VERIFIED CHECKS*****************************************************

======================================================================================================================== 
********************************************************SUMMARY*********************************************************
======================================================================================================================== 

Source Files:
	/RAID2/COURSE/asoc/asoc020/catapult-for-soc-course/lab1_fir/01_walkthrough_loops/fir.h

                                                                       VERIFIED                                           

ABR (Array Bounds Read)                                                3                                                  
ABW (Array Bounds Write)                                               3                                                  
OVL (Overflow)                                                         13                                                 

======================================================================================================================== 
Rule            Source                                               

ABR             fir.h:28,19                                          
ABR             fir.h:32,22                                          
ABR             fir.h:32,30                                          
ABW             fir.h:15,7                                           
ABW             fir.h:26,9                                           
ABW             fir.h:28,9                                           
OVL             fir.h:14,18                                          
OVL             fir.h:15,17                                          
OVL             fir.h:14,28                                          
OVL             fir.h:22,11                                          
OVL             fir.h:24,24                                          
OVL             fir.h:26,19                                          
OVL             fir.h:28,25                                          
OVL             fir.h:28,19                                          
OVL             fir.h:24,34                                          
OVL             fir.h:31,22                                          
OVL             fir.h:32,7                                           
OVL             fir.h:31,32                                          
OVL             fir.h:34,18                                          



