 . /RAID2/COURSE/asoc/asoc020/Catapult_1/fir.v1/CDesignChecker/spec_wrapper.cpp
 .. /RAID2/COURSE/asoc/asoc020/Catapult_1/fir.v1/CDesignChecker/spec_wrapper.h
 ... /RAID2/COURSE/asoc/asoc020/catapult-for-soc-course/lab1_fir/01_walkthrough_loops/fir.h
 .... /RAID2/cad/mentor/Catapult/2023.2/Mgc_home/shared/include/ac_int.h
 .... /RAID2/cad/mentor/Catapult/2023.2/Mgc_home/shared/include/mc_scverify.h
 . /RAID2/COURSE/asoc/asoc020/Catapult_1/fir.v1/CDesignChecker/spec_wrapper.cpp
 .. /RAID2/COURSE/asoc/asoc020/Catapult_1/fir.v1/CDesignChecker/spec_wrapper.h
 ... /RAID2/COURSE/asoc/asoc020/catapult-for-soc-course/lab1_fir/01_walkthrough_loops/fir.h
 .... /RAID2/cad/mentor/Catapult/2023.2/Mgc_home/shared/include/ac_int.h
 .... /RAID2/cad/mentor/Catapult/2023.2/Mgc_home/shared/include/mc_scverify.h
 . /RAID2/COURSE/asoc/asoc020/Catapult_1/fir.v1/CDesignChecker/spec_wrapper.cpp
 .. /RAID2/COURSE/asoc/asoc020/Catapult_1/fir.v1/CDesignChecker/spec_wrapper.h
 ... /RAID2/COURSE/asoc/asoc020/catapult-for-soc-course/lab1_fir/01_walkthrough_loops/fir.h
 .... /RAID2/cad/mentor/Catapult/2023.2/Mgc_home/shared/include/ac_int.h
 .... /RAID2/cad/mentor/Catapult/2023.2/Mgc_home/shared/include/mc_scverify.h
 .. /RAID2/cad/mentor/Catapult/2023.2/Mgc_home/shared/include/mc_typeconv.h
 ... /RAID2/cad/mentor/Catapult/2023.2/Mgc_home/shared/include/mc_container_types.h
 ... /RAID2/cad/mentor/Catapult/2023.2/Mgc_home/shared/include/ac_sc.h
 .... /RAID2/cad/mentor/Catapult/2023.2/Mgc_home/shared/include/ac_complex.h
 ..... /RAID2/cad/mentor/Catapult/2023.2/Mgc_home/shared/include/ac_float.h
 ...... /RAID2/cad/mentor/Catapult/2023.2/Mgc_home/shared/include/ac_fixed.h
