-- Catapult Ultra Synthesis: Report                                              
-- ------------------------- ---------------------------------------------------
-- Version:                  2023.2/1059873 Production Release                   
-- Build Date:               Mon Aug  7 10:54:31 PDT 2023                        
                                                                                 
-- Generated by:             asoc020@ee21                                        
-- Generated date:           Tue Mar 26 17:36:00 CST 2024                        

Solution Settings: fir.v2
  Current state: extract
  Project: Catapult_1

Design Input Files Specified
  $PROJECT_HOME/catapult-for-soc-course/lab1_fir/01_walkthrough_loops/fir.h
    $MGC_HOME/shared/include/ac_int.h
    $MGC_HOME/shared/include/ac_channel.h
    $MGC_HOME/shared/include/mc_scverify.h
  $PROJECT_HOME/catapult-for-soc-course/lab1_fir/01_walkthrough_loops/fir_tb.cpp

Processes/Blocks in Design
  Process       Real Operation(s) count Latency Throughput Reset Length II Comments 
  ------------- ----------------------- ------- ---------- ------------ -- --------
  /fir/run                           19       1          1            1  0          
  Design Total:                      19       1          1            1  1          
  
Bill Of Materials (Datapath)
  Component Name                 Area Score Area(Combinational) AreaSeq Delay Post Alloc Post Assign 
  ------------------------------ ---------- ------------------- ------- ----- ---------- -----------
  [Lib: ccs_ioport]                                                                                  
  ccs_in(2,64)                        0.000               0.000   0.000 0.000          1           1 
  ccs_in_wait(1,8)                    0.000               0.000   0.000 0.000          1           1 
  ccs_out_wait(3,8)                   0.000               0.000   0.000 0.000          1           1 
  [Lib: mgc_ioport]                                                                                  
  mgc_io_sync(0)                      0.000               0.000   0.000 0.000          1           1 
  [Lib: nangate-45nm_beh]                                                                            
  mgc_add(16,1,16,1,17,7)            69.266             105.346   0.000 1.195          4           4 
  mgc_add(17,1,17,1,18,7)            73.312             114.144   0.000 1.266          2           2 
  mgc_add(18,1,18,1,19,7)            77.594             122.878   0.000 1.337          1           1 
  mgc_and(1,2,4)                      1.064               0.000   0.000 0.077          0           9 
  mgc_mul(8,1,8,1,16,7)             288.429             332.359   0.000 1.157          8           8 
  mgc_mux(8,1,2,1)                   25.536              45.010   0.000 0.114          0           1 
  mgc_nor(1,2,2)                      0.798               0.000   0.000 0.097          0           4 
  mgc_not(1,1)                        0.532               0.532   0.000 0.039          0           7 
  mgc_or(1,3,4)                       1.330               0.000   0.000 0.115          0           2 
  mgc_reg_pos(1,0,0,1,1,0,0,1)        6.384               1.862   4.522 0.106          0           3 
  mgc_reg_pos(1,0,0,1,1,1,1,1)        6.384               1.862   4.522 0.106          0           2 
  mgc_reg_pos(8,0,0,1,1,1,1,1)       51.072              14.896  36.176 0.106          0           9 
                                                                                                     
  TOTAL AREA (After Assignment):   3344.966            3624.000 348.000                              
  
Area Scores
                    Post-Scheduling   Post-DP & FSM Post-Assignment 
  ----------------- --------------- --------------- ---------------
  Total Area Score:   3166.2          3356.0          3356.0        
  Total Reg:           357.5  (11%)    501.6  (15%)    501.6  (15%) 
                                                                    
  DataPath:           3166.2 (100%)   3345.0 (100%)   3345.0 (100%) 
    MUX:                 0.0            25.5   (1%)     25.5   (1%) 
    FUNC:             2808.7  (89%)   2808.7  (84%)   2808.7  (84%) 
    LOGIC:               0.0            19.2   (1%)     19.2   (1%) 
    BUFFER:              0.0             0.0             0.0        
    MEM:                 0.0             0.0             0.0        
    ROM:                 0.0             0.0             0.0        
    REG:               357.5  (11%)    491.6  (15%)    491.6  (15%) 
                                                                    
  
  FSM:                   0.0            11.0   (0%)     11.0   (0%) 
    FSM-REG:             0.0            10.0  (91%)     10.0  (91%) 
    FSM-COMB:            0.0             1.0   (9%)      1.0   (9%) 
                                                                    
  
  
  (MUX = multiplexers; FUNC = datapath logic (e.g. add/mult); LOGIC = control logic)

Register-to-Variable Mappings
  Register                         Size(bits) Gated Register CG Opt Done Variables                                             
  -------------------------------- ---------- -------------- ----------- -----------------------------------------------------
  MAC:asn#1.itm                             8         Y           Y      MAC:asn#1.itm                                         
  MAC:asn#3.itm                             8         Y           Y      MAC:asn#3.itm                                         
  MAC:asn#4.itm                             8         Y           Y      MAC:asn#4.itm                                         
  MAC:asn#5.itm                             8         Y           Y      MAC:asn#5.itm                                         
  MAC:asn#6.itm                             8         Y           Y      MAC:asn#6.itm                                         
  input:rsci.idat.bfwt                      8         Y           Y      input:rsci.idat.bfwt                                  
  output:rsci.idat                          8         Y           Y      output:rsci.idat                                      
  regs(0).sva                               8         Y           Y      regs(0).sva                                           
  regs(1).sva                               8         Y           Y      regs(1).sva                                           
  input:rsci.bcwt                           1                            input:rsci.bcwt                                       
  output:rsci.bcwt                          1                            output:rsci.bcwt                                      
  reg(coeffs.triosy:obj.iswt0).cse          1         Y                  reg(coeffs.triosy:obj.iswt0).cse                      
  reg(input:rsci.iswt0).cse                 1         Y                  reg(input:rsci.iswt0).cse                             
  run.wten                                  1                            run.wten                                              
                                                                                                                               
  Total:                                   77             74          72 (Total Gating Ratio: 0.96, CG Opt Gating Ratio: 0.94) 
  
Timing Report
  Critical Path
    Max Delay:  1.9677022631578949
    Slack:      8.032297736842105
    
    Path                                                                                                   Startpoint                                                                                           Endpoint                           Delay   Slack                       
    ------------------------------------------------------------------------------------------------------ ---------------------------------------------------------------------------------------------------- ---------------------------------- ------- ------ --------------------
    1                                                                                                      fir:run:inst/fir:run:input:rsci:inst/fir:run:input:rsci:input:wait_dp:inst/reg(input:rsci.idat.bfwt) fir:run:inst/reg(output:rsci.idat) 1.9677  8.0323                      
                                                                                                                                                                                                                                                                                       
      Instance                                                                                             Component                                                                                                                               Delta   Delay  [MIN, MAX]           
      --------                                                                                             ---------                                                                                                                               -----   -----  ------------------   
      fir:run:inst/fir:run:input:rsci:inst/fir:run:input:rsci:input:wait_dp:inst/reg(input:rsci.idat.bfwt) mgc_reg_pos_8_0_0_1_1_1_1_1                                                                                                             0.1060  0.1060                      
      fir:run:inst/fir:run:input:rsci:inst/fir:run:input:rsci:input:wait_dp:inst/input:rsci.idat.bfwt                                                                                                                                              0.0000  0.1060                      
      fir:run:inst/fir:run:input:rsci:inst/fir:run:input:rsci:input:wait_dp:inst/SHIFT:if:mux#2            mgc_mux_8_1_2_1                                                                                                                         0.1141  0.2201                      
      fir:run:inst/fir:run:input:rsci:inst/fir:run:input:rsci:input:wait_dp:inst/input:rsci.idat.mxwt                                                                                                                                              0.0000  0.2201                      
      fir:run:inst/fir:run:input:rsci:inst/input:rsci.idat.mxwt                                                                                                                                                                                    0.0000  0.2201                      
      fir:run:inst/input:rsci.idat.mxwt                                                                                                                                                                                                            0.0000  0.2201                      
      fir:run:inst/SHIFT:if:asn(SHIFT:if:asn.ncse.sva#1)                                                                                                                                                                                           0.0000  0.2201                      
      fir:run:inst/SHIFT:if:asn(SHIFT:if:asn.ncse.sva#1).itm                                                                                                                                                                                       0.0000  0.2201                      
      fir:run:inst/MAC-8:mul                                                                               mgc_mul_8_1_8_1_16_7                                                                                                                    1.1570  1.3771 [0.400045, 1.377145] 
      fir:run:inst/MAC-8:mul.itm                                                                                                                                                                                                                   0.0000  1.3771 [0.400045, 1.377145] 
      fir:run:inst/MAC:acc#6                                                                               mgc_addc_16_1_16_1_17_7                                                                                                                 0.2177  1.5948 [0.546513, 1.594849] 
      fir:run:inst/MAC:acc#6.itm                                                                                                                                                                                                                   0.0000  1.5948 [0.546513, 1.594849] 
      fir:run:inst/MAC:acc#8                                                                               mgc_addc_17_1_17_1_18_7                                                                                                                 0.2177  1.8126 [0.692981, 1.812596] 
      fir:run:inst/MAC:acc#8.itm                                                                                                                                                                                                                   0.0000  1.8126 [0.692981, 1.812596] 
      fir:run:inst/MAC-8:acc#1                                                                             mgc_addc_18_1_18_1_19_7                                                                                                                 0.2178  2.0304 [0.839449, 2.030383] 
      fir:run:inst/MAC-8:acc#1.itm                                                                                                                                                                                                                 0.0000  2.0304 [0.839449, 2.030383] 
      fir:run:inst/MAC:slc(MAC-8:acc#1)(18-11)                                                                                                                                                                                                     -0.0627 1.9677 [1.528937, 1.967702] 
      fir:run:inst/MAC:slc(MAC-8:acc#1)(18-11).itm                                                                                                                                                                                                 0.0000  1.9677 [1.528937, 1.967702] 
      fir:run:inst/reg(output:rsci.idat)                                                                   mgc_reg_pos_8_0_0_1_1_1_1_1                                                                                                             0.0000  1.9677                      
                                                                                                                                                                                                                                                                                       
    2                                                                                                      fir:run:inst/fir:run:input:rsci:inst/fir:run:input:rsci:input:wait_dp:inst/reg(input:rsci.bcwt)      fir:run:inst/reg(output:rsci.idat) 1.9677  8.0323                      
                                                                                                                                                                                                                                                                                       
      Instance                                                                                             Component                                                                                                                               Delta   Delay  [MIN, MAX]           
      --------                                                                                             ---------                                                                                                                               -----   -----  ------------------   
      fir:run:inst/fir:run:input:rsci:inst/fir:run:input:rsci:input:wait_dp:inst/reg(input:rsci.bcwt)      mgc_reg_pos_1_0_0_1_1_0_0_1                                                                                                             0.1060  0.1060                      
      fir:run:inst/fir:run:input:rsci:inst/fir:run:input:rsci:input:wait_dp:inst/input:rsci.bcwt                                                                                                                                                   0.0000  0.1060                      
      fir:run:inst/fir:run:input:rsci:inst/fir:run:input:rsci:input:wait_dp:inst/SHIFT:if:mux#2            mgc_mux_8_1_2_1                                                                                                                         0.1141  0.2201                      
      fir:run:inst/fir:run:input:rsci:inst/fir:run:input:rsci:input:wait_dp:inst/input:rsci.idat.mxwt                                                                                                                                              0.0000  0.2201                      
      fir:run:inst/fir:run:input:rsci:inst/input:rsci.idat.mxwt                                                                                                                                                                                    0.0000  0.2201                      
      fir:run:inst/input:rsci.idat.mxwt                                                                                                                                                                                                            0.0000  0.2201                      
      fir:run:inst/SHIFT:if:asn(SHIFT:if:asn.ncse.sva#1)                                                                                                                                                                                           0.0000  0.2201                      
      fir:run:inst/SHIFT:if:asn(SHIFT:if:asn.ncse.sva#1).itm                                                                                                                                                                                       0.0000  0.2201                      
      fir:run:inst/MAC-8:mul                                                                               mgc_mul_8_1_8_1_16_7                                                                                                                    1.1570  1.3771 [0.400045, 1.377145] 
      fir:run:inst/MAC-8:mul.itm                                                                                                                                                                                                                   0.0000  1.3771 [0.400045, 1.377145] 
      fir:run:inst/MAC:acc#6                                                                               mgc_addc_16_1_16_1_17_7                                                                                                                 0.2177  1.5948 [0.546513, 1.594849] 
      fir:run:inst/MAC:acc#6.itm                                                                                                                                                                                                                   0.0000  1.5948 [0.546513, 1.594849] 
      fir:run:inst/MAC:acc#8                                                                               mgc_addc_17_1_17_1_18_7                                                                                                                 0.2177  1.8126 [0.692981, 1.812596] 
      fir:run:inst/MAC:acc#8.itm                                                                                                                                                                                                                   0.0000  1.8126 [0.692981, 1.812596] 
      fir:run:inst/MAC-8:acc#1                                                                             mgc_addc_18_1_18_1_19_7                                                                                                                 0.2178  2.0304 [0.839449, 2.030383] 
      fir:run:inst/MAC-8:acc#1.itm                                                                                                                                                                                                                 0.0000  2.0304 [0.839449, 2.030383] 
      fir:run:inst/MAC:slc(MAC-8:acc#1)(18-11)                                                                                                                                                                                                     -0.0627 1.9677 [1.528937, 1.967702] 
      fir:run:inst/MAC:slc(MAC-8:acc#1)(18-11).itm                                                                                                                                                                                                 0.0000  1.9677 [1.528937, 1.967702] 
      fir:run:inst/reg(output:rsci.idat)                                                                   mgc_reg_pos_8_0_0_1_1_1_1_1                                                                                                             0.0000  1.9677                      
                                                                                                                                                                                                                                                                                       
    3                                                                                                      fir/input:rsc.dat                                                                                    fir:run:inst/reg(output:rsci.idat) 1.8617  8.1383                      
                                                                                                                                                                                                                                                                                       
      Instance                                                                                             Component                                                                                                                               Delta   Delay  [MIN, MAX]           
      --------                                                                                             ---------                                                                                                                               -----   -----  ------------------   
      fir/input:rsc.dat                                                                                                                                                                                                                            0.0000  0.0000                      
      fir:run:inst/input:rsc.dat                                                                                                                                                                                                                   0.0000  0.0000                      
      fir:run:inst/fir:run:input:rsci:inst/input:rsc.dat                                                                                                                                                                                           0.0000  0.0000                      
      fir:run:inst/fir:run:input:rsci:inst/input:rsci                                                      ccs_in_wait_v1_1_8(dat=>idat)                                                                                                           0.0000  0.0000                      
      fir:run:inst/fir:run:input:rsci:inst/input:rsci.idat                                                                                                                                                                                         0.0000  0.0000                      
      fir:run:inst/fir:run:input:rsci:inst/fir:run:input:rsci:input:wait_dp:inst/input:rsci.idat                                                                                                                                                   0.0000  0.0000                      
      fir:run:inst/fir:run:input:rsci:inst/fir:run:input:rsci:input:wait_dp:inst/SHIFT:if:mux#2            mgc_mux_8_1_2_1                                                                                                                         0.1141  0.1141                      
      fir:run:inst/fir:run:input:rsci:inst/fir:run:input:rsci:input:wait_dp:inst/input:rsci.idat.mxwt                                                                                                                                              0.0000  0.1141                      
      fir:run:inst/fir:run:input:rsci:inst/input:rsci.idat.mxwt                                                                                                                                                                                    0.0000  0.1141                      
      fir:run:inst/input:rsci.idat.mxwt                                                                                                                                                                                                            0.0000  0.1141                      
      fir:run:inst/SHIFT:if:asn(SHIFT:if:asn.ncse.sva#1)                                                                                                                                                                                           0.0000  0.1141                      
      fir:run:inst/SHIFT:if:asn(SHIFT:if:asn.ncse.sva#1).itm                                                                                                                                                                                       0.0000  0.1141                      
      fir:run:inst/MAC-8:mul                                                                               mgc_mul_8_1_8_1_16_7                                                                                                                    1.1570  1.2711 [0.294045, 1.271145] 
      fir:run:inst/MAC-8:mul.itm                                                                                                                                                                                                                   0.0000  1.2711 [0.294045, 1.271145] 
      fir:run:inst/MAC:acc#6                                                                               mgc_addc_16_1_16_1_17_7                                                                                                                 0.2177  1.4888 [0.440513, 1.488849] 
      fir:run:inst/MAC:acc#6.itm                                                                                                                                                                                                                   0.0000  1.4888 [0.440513, 1.488849] 
      fir:run:inst/MAC:acc#8                                                                               mgc_addc_17_1_17_1_18_7                                                                                                                 0.2177  1.7066 [0.586981, 1.706596] 
      fir:run:inst/MAC:acc#8.itm                                                                                                                                                                                                                   0.0000  1.7066 [0.586981, 1.706596] 
      fir:run:inst/MAC-8:acc#1                                                                             mgc_addc_18_1_18_1_19_7                                                                                                                 0.2178  1.9244 [0.733449, 1.924383] 
      fir:run:inst/MAC-8:acc#1.itm                                                                                                                                                                                                                 0.0000  1.9244 [0.733449, 1.924383] 
      fir:run:inst/MAC:slc(MAC-8:acc#1)(18-11)                                                                                                                                                                                                     -0.0627 1.8617 [1.422937, 1.861702] 
      fir:run:inst/MAC:slc(MAC-8:acc#1)(18-11).itm                                                                                                                                                                                                 0.0000  1.8617 [1.422937, 1.861702] 
      fir:run:inst/reg(output:rsci.idat)                                                                   mgc_reg_pos_8_0_0_1_1_1_1_1                                                                                                             0.0000  1.8617                      
                                                                                                                                                                                                                                                                                       
    4                                                                                                      fir:run:inst/reg(MAC:asn#3)                                                                          fir:run:inst/reg(output:rsci.idat) 1.8536  8.1464                      
                                                                                                                                                                                                                                                                                       
      Instance                                                                                             Component                                                                                                                               Delta   Delay  [MIN, MAX]           
      --------                                                                                             ---------                                                                                                                               -----   -----  ------------------   
      fir:run:inst/reg(MAC:asn#3)                                                                          mgc_reg_pos_8_0_0_1_1_1_1_1                                                                                                             0.1060  0.1060                      
      fir:run:inst/MAC:asn#3.itm                                                                                                                                                                                                                   0.0000  0.1060                      
      fir:run:inst/MAC-3:mul                                                                               mgc_mul_8_1_8_1_16_7                                                                                                                    1.1570  1.2630 [0.285947, 1.263047] 
      fir:run:inst/MAC-3:mul.itm                                                                                                                                                                                                                   0.0000  1.2630 [0.285947, 1.263047] 
      fir:run:inst/MAC:acc#4                                                                               mgc_addc_16_1_16_1_17_7                                                                                                                 0.2177  1.4808 [0.432415, 1.480751] 
      fir:run:inst/MAC:acc#4.itm                                                                                                                                                                                                                   0.0000  1.4808 [0.432415, 1.480751] 
      fir:run:inst/MAC:acc                                                                                 mgc_addc_17_1_17_1_18_7                                                                                                                 0.2177  1.6985 [0.578883, 1.698498] 
      fir:run:inst/MAC:acc.itm                                                                                                                                                                                                                     0.0000  1.6985 [0.578883, 1.698498] 
      fir:run:inst/MAC-8:acc#1                                                                             mgc_addc_18_1_18_1_19_7                                                                                                                 0.2178  1.9163 [0.725351, 1.916285] 
      fir:run:inst/MAC-8:acc#1.itm                                                                                                                                                                                                                 0.0000  1.9163 [0.725351, 1.916285] 
      fir:run:inst/MAC:slc(MAC-8:acc#1)(18-11)                                                                                                                                                                                                     -0.0627 1.8536 [1.414839, 1.853604] 
      fir:run:inst/MAC:slc(MAC-8:acc#1)(18-11).itm                                                                                                                                                                                                 0.0000  1.8536 [1.414839, 1.853604] 
      fir:run:inst/reg(output:rsci.idat)                                                                   mgc_reg_pos_8_0_0_1_1_1_1_1                                                                                                             0.0000  1.8536                      
                                                                                                                                                                                                                                                                                       
    5                                                                                                      fir:run:inst/reg(MAC:asn#1)                                                                          fir:run:inst/reg(output:rsci.idat) 1.8536  8.1464                      
                                                                                                                                                                                                                                                                                       
      Instance                                                                                             Component                                                                                                                               Delta   Delay  [MIN, MAX]           
      --------                                                                                             ---------                                                                                                                               -----   -----  ------------------   
      fir:run:inst/reg(MAC:asn#1)                                                                          mgc_reg_pos_8_0_0_1_1_1_1_1                                                                                                             0.1060  0.1060                      
      fir:run:inst/MAC:asn#1.itm                                                                                                                                                                                                                   0.0000  0.1060                      
      fir:run:inst/MAC-5:mul                                                                               mgc_mul_8_1_8_1_16_7                                                                                                                    1.1570  1.2630 [0.285947, 1.263047] 
      fir:run:inst/MAC-5:mul.itm                                                                                                                                                                                                                   0.0000  1.2630 [0.285947, 1.263047] 
      fir:run:inst/MAC:acc#5                                                                               mgc_addc_16_1_16_1_17_7                                                                                                                 0.2177  1.4808 [0.432415, 1.480751] 
      fir:run:inst/MAC:acc#5.itm                                                                                                                                                                                                                   0.0000  1.4808 [0.432415, 1.480751] 
      fir:run:inst/MAC:acc#8                                                                               mgc_addc_17_1_17_1_18_7                                                                                                                 0.2177  1.6985 [0.578883, 1.698498] 
      fir:run:inst/MAC:acc#8.itm                                                                                                                                                                                                                   0.0000  1.6985 [0.578883, 1.698498] 
      fir:run:inst/MAC-8:acc#1                                                                             mgc_addc_18_1_18_1_19_7                                                                                                                 0.2178  1.9163 [0.725351, 1.916285] 
      fir:run:inst/MAC-8:acc#1.itm                                                                                                                                                                                                                 0.0000  1.9163 [0.725351, 1.916285] 
      fir:run:inst/MAC:slc(MAC-8:acc#1)(18-11)                                                                                                                                                                                                     -0.0627 1.8536 [1.414839, 1.853604] 
      fir:run:inst/MAC:slc(MAC-8:acc#1)(18-11).itm                                                                                                                                                                                                 0.0000  1.8536 [1.414839, 1.853604] 
      fir:run:inst/reg(output:rsci.idat)                                                                   mgc_reg_pos_8_0_0_1_1_1_1_1                                                                                                             0.0000  1.8536                      
                                                                                                                                                                                                                                                                                       
    6                                                                                                      fir:run:inst/reg(regs(0))                                                                            fir:run:inst/reg(output:rsci.idat) 1.8536  8.1464                      
                                                                                                                                                                                                                                                                                       
      Instance                                                                                             Component                                                                                                                               Delta   Delay  [MIN, MAX]           
      --------                                                                                             ---------                                                                                                                               -----   -----  ------------------   
      fir:run:inst/reg(regs(0))                                                                            mgc_reg_pos_8_0_0_1_1_1_1_1                                                                                                             0.1060  0.1060                      
      fir:run:inst/regs(0).sva                                                                                                                                                                                                                     0.0000  0.1060                      
      fir:run:inst/MAC-7:mul                                                                               mgc_mul_8_1_8_1_16_7                                                                                                                    1.1570  1.2630 [0.285947, 1.263047] 
      fir:run:inst/MAC-7:mul.itm                                                                                                                                                                                                                   0.0000  1.2630 [0.285947, 1.263047] 
      fir:run:inst/MAC:acc#6                                                                               mgc_addc_16_1_16_1_17_7                                                                                                                 0.2177  1.4808 [0.432415, 1.480751] 
      fir:run:inst/MAC:acc#6.itm                                                                                                                                                                                                                   0.0000  1.4808 [0.432415, 1.480751] 
      fir:run:inst/MAC:acc#8                                                                               mgc_addc_17_1_17_1_18_7                                                                                                                 0.2177  1.6985 [0.578883, 1.698498] 
      fir:run:inst/MAC:acc#8.itm                                                                                                                                                                                                                   0.0000  1.6985 [0.578883, 1.698498] 
      fir:run:inst/MAC-8:acc#1                                                                             mgc_addc_18_1_18_1_19_7                                                                                                                 0.2178  1.9163 [0.725351, 1.916285] 
      fir:run:inst/MAC-8:acc#1.itm                                                                                                                                                                                                                 0.0000  1.9163 [0.725351, 1.916285] 
      fir:run:inst/MAC:slc(MAC-8:acc#1)(18-11)                                                                                                                                                                                                     -0.0627 1.8536 [1.414839, 1.853604] 
      fir:run:inst/MAC:slc(MAC-8:acc#1)(18-11).itm                                                                                                                                                                                                 0.0000  1.8536 [1.414839, 1.853604] 
      fir:run:inst/reg(output:rsci.idat)                                                                   mgc_reg_pos_8_0_0_1_1_1_1_1                                                                                                             0.0000  1.8536                      
                                                                                                                                                                                                                                                                                       
    7                                                                                                      fir:run:inst/reg(MAC:asn#5)                                                                          fir:run:inst/reg(output:rsci.idat) 1.8536  8.1464                      
                                                                                                                                                                                                                                                                                       
      Instance                                                                                             Component                                                                                                                               Delta   Delay  [MIN, MAX]           
      --------                                                                                             ---------                                                                                                                               -----   -----  ------------------   
      fir:run:inst/reg(MAC:asn#5)                                                                          mgc_reg_pos_8_0_0_1_1_1_1_1                                                                                                             0.1060  0.1060                      
      fir:run:inst/MAC:asn#5.itm                                                                                                                                                                                                                   0.0000  0.1060                      
      fir:run:inst/MAC-1:mul                                                                               mgc_mul_8_1_8_1_16_7                                                                                                                    1.1570  1.2630 [0.285947, 1.263047] 
      fir:run:inst/MAC-1:mul.itm                                                                                                                                                                                                                   0.0000  1.2630 [0.285947, 1.263047] 
      fir:run:inst/MAC:acc#7                                                                               mgc_addc_16_1_16_1_17_7                                                                                                                 0.2177  1.4808 [0.432415, 1.480751] 
      fir:run:inst/MAC:acc#7.itm                                                                                                                                                                                                                   0.0000  1.4808 [0.432415, 1.480751] 
      fir:run:inst/MAC:acc                                                                                 mgc_addc_17_1_17_1_18_7                                                                                                                 0.2177  1.6985 [0.578883, 1.698498] 
      fir:run:inst/MAC:acc.itm                                                                                                                                                                                                                     0.0000  1.6985 [0.578883, 1.698498] 
      fir:run:inst/MAC-8:acc#1                                                                             mgc_addc_18_1_18_1_19_7                                                                                                                 0.2178  1.9163 [0.725351, 1.916285] 
      fir:run:inst/MAC-8:acc#1.itm                                                                                                                                                                                                                 0.0000  1.9163 [0.725351, 1.916285] 
      fir:run:inst/MAC:slc(MAC-8:acc#1)(18-11)                                                                                                                                                                                                     -0.0627 1.8536 [1.414839, 1.853604] 
      fir:run:inst/MAC:slc(MAC-8:acc#1)(18-11).itm                                                                                                                                                                                                 0.0000  1.8536 [1.414839, 1.853604] 
      fir:run:inst/reg(output:rsci.idat)                                                                   mgc_reg_pos_8_0_0_1_1_1_1_1                                                                                                             0.0000  1.8536                      
                                                                                                                                                                                                                                                                                       
    8                                                                                                      fir:run:inst/reg(MAC:asn#4)                                                                          fir:run:inst/reg(output:rsci.idat) 1.8536  8.1464                      
                                                                                                                                                                                                                                                                                       
      Instance                                                                                             Component                                                                                                                               Delta   Delay  [MIN, MAX]           
      --------                                                                                             ---------                                                                                                                               -----   -----  ------------------   
      fir:run:inst/reg(MAC:asn#4)                                                                          mgc_reg_pos_8_0_0_1_1_1_1_1                                                                                                             0.1060  0.1060                      
      fir:run:inst/MAC:asn#4.itm                                                                                                                                                                                                                   0.0000  0.1060                      
      fir:run:inst/MAC-4:mul                                                                               mgc_mul_8_1_8_1_16_7                                                                                                                    1.1570  1.2630 [0.285947, 1.263047] 
      fir:run:inst/MAC-4:mul.itm                                                                                                                                                                                                                   0.0000  1.2630 [0.285947, 1.263047] 
      fir:run:inst/MAC:acc#4                                                                               mgc_addc_16_1_16_1_17_7                                                                                                                 0.2177  1.4808 [0.432415, 1.480751] 
      fir:run:inst/MAC:acc#4.itm                                                                                                                                                                                                                   0.0000  1.4808 [0.432415, 1.480751] 
      fir:run:inst/MAC:acc                                                                                 mgc_addc_17_1_17_1_18_7                                                                                                                 0.2177  1.6985 [0.578883, 1.698498] 
      fir:run:inst/MAC:acc.itm                                                                                                                                                                                                                     0.0000  1.6985 [0.578883, 1.698498] 
      fir:run:inst/MAC-8:acc#1                                                                             mgc_addc_18_1_18_1_19_7                                                                                                                 0.2178  1.9163 [0.725351, 1.916285] 
      fir:run:inst/MAC-8:acc#1.itm                                                                                                                                                                                                                 0.0000  1.9163 [0.725351, 1.916285] 
      fir:run:inst/MAC:slc(MAC-8:acc#1)(18-11)                                                                                                                                                                                                     -0.0627 1.8536 [1.414839, 1.853604] 
      fir:run:inst/MAC:slc(MAC-8:acc#1)(18-11).itm                                                                                                                                                                                                 0.0000  1.8536 [1.414839, 1.853604] 
      fir:run:inst/reg(output:rsci.idat)                                                                   mgc_reg_pos_8_0_0_1_1_1_1_1                                                                                                             0.0000  1.8536                      
                                                                                                                                                                                                                                                                                       
    9                                                                                                      fir:run:inst/reg(MAC:asn#6)                                                                          fir:run:inst/reg(output:rsci.idat) 1.8536  8.1464                      
                                                                                                                                                                                                                                                                                       
      Instance                                                                                             Component                                                                                                                               Delta   Delay  [MIN, MAX]           
      --------                                                                                             ---------                                                                                                                               -----   -----  ------------------   
      fir:run:inst/reg(MAC:asn#6)                                                                          mgc_reg_pos_8_0_0_1_1_1_1_1                                                                                                             0.1060  0.1060                      
      fir:run:inst/MAC:asn#6.itm                                                                                                                                                                                                                   0.0000  0.1060                      
      fir:run:inst/MAC-2:mul                                                                               mgc_mul_8_1_8_1_16_7                                                                                                                    1.1570  1.2630 [0.285947, 1.263047] 
      fir:run:inst/MAC-2:mul.itm                                                                                                                                                                                                                   0.0000  1.2630 [0.285947, 1.263047] 
      fir:run:inst/MAC:acc#7                                                                               mgc_addc_16_1_16_1_17_7                                                                                                                 0.2177  1.4808 [0.432415, 1.480751] 
      fir:run:inst/MAC:acc#7.itm                                                                                                                                                                                                                   0.0000  1.4808 [0.432415, 1.480751] 
      fir:run:inst/MAC:acc                                                                                 mgc_addc_17_1_17_1_18_7                                                                                                                 0.2177  1.6985 [0.578883, 1.698498] 
      fir:run:inst/MAC:acc.itm                                                                                                                                                                                                                     0.0000  1.6985 [0.578883, 1.698498] 
      fir:run:inst/MAC-8:acc#1                                                                             mgc_addc_18_1_18_1_19_7                                                                                                                 0.2178  1.9163 [0.725351, 1.916285] 
      fir:run:inst/MAC-8:acc#1.itm                                                                                                                                                                                                                 0.0000  1.9163 [0.725351, 1.916285] 
      fir:run:inst/MAC:slc(MAC-8:acc#1)(18-11)                                                                                                                                                                                                     -0.0627 1.8536 [1.414839, 1.853604] 
      fir:run:inst/MAC:slc(MAC-8:acc#1)(18-11).itm                                                                                                                                                                                                 0.0000  1.8536 [1.414839, 1.853604] 
      fir:run:inst/reg(output:rsci.idat)                                                                   mgc_reg_pos_8_0_0_1_1_1_1_1                                                                                                             0.0000  1.8536                      
                                                                                                                                                                                                                                                                                       
    10                                                                                                     fir:run:inst/reg(regs(1))                                                                            fir:run:inst/reg(output:rsci.idat) 1.8536  8.1464                      
                                                                                                                                                                                                                                                                                       
      Instance                                                                                             Component                                                                                                                               Delta   Delay  [MIN, MAX]           
      --------                                                                                             ---------                                                                                                                               -----   -----  ------------------   
      fir:run:inst/reg(regs(1))                                                                            mgc_reg_pos_8_0_0_1_1_1_1_1                                                                                                             0.1060  0.1060                      
      fir:run:inst/regs(1).sva                                                                                                                                                                                                                     0.0000  0.1060                      
      fir:run:inst/MAC-6:mul                                                                               mgc_mul_8_1_8_1_16_7                                                                                                                    1.1570  1.2630 [0.285947, 1.263047] 
      fir:run:inst/MAC-6:mul.itm                                                                                                                                                                                                                   0.0000  1.2630 [0.285947, 1.263047] 
      fir:run:inst/MAC:acc#5                                                                               mgc_addc_16_1_16_1_17_7                                                                                                                 0.2177  1.4808 [0.432415, 1.480751] 
      fir:run:inst/MAC:acc#5.itm                                                                                                                                                                                                                   0.0000  1.4808 [0.432415, 1.480751] 
      fir:run:inst/MAC:acc#8                                                                               mgc_addc_17_1_17_1_18_7                                                                                                                 0.2177  1.6985 [0.578883, 1.698498] 
      fir:run:inst/MAC:acc#8.itm                                                                                                                                                                                                                   0.0000  1.6985 [0.578883, 1.698498] 
      fir:run:inst/MAC-8:acc#1                                                                             mgc_addc_18_1_18_1_19_7                                                                                                                 0.2178  1.9163 [0.725351, 1.916285] 
      fir:run:inst/MAC-8:acc#1.itm                                                                                                                                                                                                                 0.0000  1.9163 [0.725351, 1.916285] 
      fir:run:inst/MAC:slc(MAC-8:acc#1)(18-11)                                                                                                                                                                                                     -0.0627 1.8536 [1.414839, 1.853604] 
      fir:run:inst/MAC:slc(MAC-8:acc#1)(18-11).itm                                                                                                                                                                                                 0.0000  1.8536 [1.414839, 1.853604] 
      fir:run:inst/reg(output:rsci.idat)                                                                   mgc_reg_pos_8_0_0_1_1_1_1_1                                                                                                             0.0000  1.8536                      
                                                                                                                                                                                                                                                                                       
    
  Register Input and Register-to-Output Slack
    Clock period or pin-to-reg delay constraint (clk): 10.0
    Clock uncertainty constraint (clk)               : 0.0
    
    Instance                                                   Port                              Slack (Delay) Messages 
    ---------------------------------------------------------- ------------------------------- ------- ------- --------
    fir:run/reg(coeffs.triosy:obj.iswt0)                       slc(fsm_output)(1).itm          10.0000  0.0000          
    fir:run/reg(output:rsci.idat)                              MAC:slc(MAC-8:acc#1)(18-11).itm  8.0323  1.9677          
    fir:run/reg(input:rsci.iswt0)                              1#6                             10.0000  0.0000          
    fir:run/reg(regs(0))                                       input:rsci.idat.mxwt             7.9696  2.0304          
    fir:run/reg(MAC:asn#1)                                     regs(1).sva                      8.0837  1.9163          
    fir:run/reg(regs(1))                                       regs(0).sva                      8.0837  1.9163          
    fir:run/reg(MAC:asn#3)                                     MAC:asn#4.itm                    8.0837  1.9163          
    fir:run/reg(MAC:asn#4)                                     MAC:asn#1.itm                    8.0837  1.9163          
    fir:run/reg(MAC:asn#5)                                     MAC:asn#6.itm                    8.0837  1.9163          
    fir:run/reg(MAC:asn#6)                                     MAC:asn#3.itm                    8.0837  1.9163          
    fir:run:input:rsci:input:wait_dp/reg(input:rsci.bcwt)      SHIFT:if:nor.itm                 9.3333  0.6667          
    fir:run:input:rsci:input:wait_dp/reg(input:rsci.idat.bfwt) input:rsci.idat                  9.8859  0.1141          
    fir:run:output:rsci:output:wait_dp/reg(output:rsci.bcwt)   nor.itm                          9.3333  0.6667          
    fir:run:staller/reg(run.wten)                              not#3.itm                        9.2168  0.7832          
    fir                                                        input:rsc.rdy                    9.7775  0.2225          
    fir                                                        coeffs.triosy.lz                 9.7775  0.2225          
    fir                                                        output:rsc.dat                   9.8940  0.1060          
    fir                                                        output:rsc.vld                   9.7775  0.2225          
    
Operator Bitwidth Summary
  Operation  Size (bits) Count 
  ---------- ----------- -----
  add                          
  -                   19     1 
  -                   18     2 
  -                   17     4 
  and                          
  -                    1     9 
  mul                          
  -                   16     8 
  mux                          
  -                    8     1 
  nor                          
  -                    1     4 
  not                          
  -                    1     7 
  or                           
  -                    1     2 
  read_port                    
  -                    8     1 
  -                   64     1 
  read_sync                    
  -                    0     1 
  reg                          
  -                    8     9 
  -                    1     5 
  write_port                   
  -                    0     1 
  
End of Report
