-- Catapult System Level Synthesis: C Design Checker Formal Rules Report by Rule Status

Current Option Settings
  Option                          Description                                          Value
  ------------------------------  --------------------------------------------------   -----
  WAIVER_FILE                     C Design Checker Waiver file                         
  MEMORY_LIMIT                    Memory Usage Limit in (GB)                           0
  SYMBOLIC_MEMSIZE_THRESHOLD      Symbolic Memory Size Threshold                       256
  VERIFICATION_EFFORT             Verification Effort                                  medium
  VERIFICATION_MODE               Verification modes of CDesignChecker run             Custom
  RPT_UNDECIDED_PROPS             Report undecided properties in report files          true
  GLOBAL_OPTIONS                  Global Options                                       
  ABR                             ABR - Array Bounds Read                              SKIPPED
  ABW                             ABW - Array Bounds Write                             SKIPPED
  ACC                             ACC - Accumulator of native C type                   CHECKED
  ACS                             ACS - Accumulator of saturated type                  CHECKED
  AIC                             AIC - Assignment used Instead of Comparison          CHECKED
  ALS                             ALS - Ac_int Left Shift check                        CHECKED
  AOB                             AOB - Arithmetic Operator with Boolean               CHECKED
  APT                             APT - Array Dimension Power of Two                   CHECKED
  AWE                             AWE - Assignments Without Effect                     CHECKED
  CAS                             CAS - Incomplete Switch-Case                         SKIPPED
  CBU                             CBU - Conditional break in Unrolled Loop             CHECKED
  CCC                             CCC - Static constant comparison                     CHECKED
  CGR                             CGR - Conditional Guard in Rolled Loop               CHECKED
  CIA                             CIA - Comparison Instead of Assignment               CHECKED
  CMC                             CMC - C style Memory Check                           CHECKED
  CNS                             CNS - Constant condition of if/switch                CHECKED
  CWB                             CWB - Case Without Break                             CHECKED
  DBZ                             DBZ - Divide By Zero                                 SKIPPED
  DIU                             DIU - Dynamic Index in Unrolled Loop                 CHECKED
  FVI                             FVI - For Loop with Variable Iterations              CHECKED
  FXD                             FXD - Mixed fixed and non-fixed datatypes            CHECKED
  ISE                             ISE - Illegal Shift Error                            SKIPPED
  LRC                             LRC - Long Reset Cycle                               CHECKED
  MDB                             MDB - Missing Default Branch                         CHECKED
  MXS                             MXS - Mixed signed and unsigned datatypes            CHECKED
  NCO                             NCO - No Contribution to Output                      CHECKED
  OSA                             OSA - Optimal Size Accumulator                       CHECKED
  OVL                             OVL - Overflow/Underflow                             SKIPPED
  PDD                             PDD - Platform dependent datatype (long)             CHECKED
  RIU                             RIU - Rolled loop Inside Unrolled loop               CHECKED
  RRT                             RRT - Reset referenced in thread                     CHECKED
  SAT                             SAT - Sub-optimal Adder Tree                         CHECKED
  STF                             STF - Funcs with statics called multiple times       CHECKED
  SUD                             SUD - Suboptimal Use of Divide and Modulus Operator  CHECKED
  UMR                             UMR - Uninitialized Memory Read                      SKIPPED

FATAL                                                   Violated     Waived           
----------------------------------------------------- ---------- ----------           

ERROR                                                   Violated     Waived           
----------------------------------------------------- ---------- ----------           
AOB - Arithmetic Operator with Boolean                         0          0           
RRT - Reset referenced in thread                               0          0           

WARNING                                                 Violated     Waived           
----------------------------------------------------- ---------- ----------           
ACC - Accumulator of native C type                             0          0           
ACS - Accumulator of saturated type                            0          0           
AIC - Assignment used Instead of Comparison                    0          0           
ALS - Ac_int Left Shift check                                  0          0           
AWE - Assignments Without Effect                               0          0           
CBU - Conditional break in Unrolled Loop                       0          0           
CCC - Static constant comparison                               0          0           
CGR - Conditional Guard in Rolled Loop                         0          0           
CIA - Comparison Instead of Assignment                         0          0           
CNS - Constant condition of if/switch                          0          0           
CWB - Case Without Break                                       0          0           
DIU - Dynamic Index in Unrolled Loop                           0          0           
FVI - For Loop with Variable Iterations                        0          0           
FXD - Mixed fixed and non-fixed datatypes                      0          0           
MDB - Missing Default Branch                                   0          0           
NCO - No Contribution to Output                                0          0           
OSA - Optimal Size Accumulator                                 0          0           
PDD - Platform dependent datatype (long)                       0          0           
RIU - Rolled loop Inside Unrolled loop                         0          0           
SAT - Sub-optimal Adder Tree                                   0          0           
SUD - Suboptimal Use of Divide and Modulus Operator            0          0           

INFO                                                    Violated     Waived           
----------------------------------------------------- ---------- ----------           
APT - Array Dimension Power of Two                             0          0           
CMC - C style Memory Check                                     0          0           
LRC - Long Reset Cycle                                         0          0           
MXS - Mixed signed and unsigned datatypes                      0          0           
STF - Funcs with statics called multiple times                 0          0           

DISABLED                                              
----------------------------------------------------- 

Violations - 0 (0 fatal, 0 error, 0 warning, 0 info)
                                                            
Waived - 0 (0 fatal, 0 error, 0 warning, 0 info)
                                                            

End of Report
