-- Catapult Ultra Synthesis: Report                                              
-- ------------------------- ---------------------------------------------------
-- Version:                  2023.2/1059873 Production Release                   
-- Build Date:               Mon Aug  7 10:54:31 PDT 2023                        
                                                                                 
-- Generated by:             asoc020@ee21                                        
-- Generated date:           Tue Mar 26 17:01:05 CST 2024                        

Solution Settings: fir.v1
  Current state: extract
  Project: Catapult_1

Design Input Files Specified
  $PROJECT_HOME/catapult-for-soc-course/lab1_fir/01_walkthrough_loops/fir.h
    $MGC_HOME/shared/include/ac_int.h
    $MGC_HOME/shared/include/ac_channel.h
    $MGC_HOME/shared/include/mc_scverify.h
  $PROJECT_HOME/catapult-for-soc-course/lab1_fir/01_walkthrough_loops/fir_tb.cpp

Processes/Blocks in Design
  Process       Real Operation(s) count Latency Throughput Reset Length II Comments 
  ------------- ----------------------- ------- ---------- ------------ -- --------
  /fir/run                           37       8         10            0  0          
  Design Total:                      37       8         10            0  0          
  
Bill Of Materials (Datapath)
  Component Name                 Area Score Area(Combinational) AreaSeq Delay Post Alloc Post Assign 
  ------------------------------ ---------- ------------------- ------- ----- ---------- -----------
  [Lib: ccs_ioport]                                                                                  
  ccs_in(2,64)                        0.000               0.000   0.000 0.000          1           1 
  ccs_in_wait(1,8)                    0.000               0.000   0.000 0.000          1           1 
  ccs_out_wait(3,8)                   0.000               0.000   0.000 0.000          1           1 
  [Lib: mgc_ioport]                                                                                  
  mgc_io_sync(0)                      0.000               0.000   0.000 0.000          1           1 
  [Lib: nangate-45nm_beh]                                                                            
  mgc_add(19,0,16,1,19,7)            82.990              58.167   0.000 1.449          1           1 
  mgc_add(3,0,1,1,4,7)               15.630               0.000   0.000 0.308          2           2 
  mgc_and(1,2,4)                      1.064               0.000   0.000 0.077          0          29 
  mgc_and(1,3,4)                      1.330               0.000   0.000 0.084          0           8 
  mgc_and(1,5,4)                      2.062               0.547   0.000 0.096          0           1 
  mgc_and(19,2,4)                    20.216              25.538   0.000 0.077          0           1 
  mgc_mul(8,1,8,1,16,7)             288.429             332.359   0.000 1.157          1           1 
  mgc_mux(8,1,2,1)                   25.536              45.010   0.000 0.114          0           1 
  mgc_mux(8,1,2,2)                   25.536              35.852   0.000 0.113          8           0 
  mgc_mux(8,3,8,5)                   63.840              75.762   0.000 0.237          3           2 
  mgc_mux1hot(8,9,4)                 60.648              77.873   0.000 0.170          0           1 
  mgc_nand(1,2,4)                     0.798               0.000   0.000 0.061          0           1 
  mgc_nor(1,2,2)                      0.798               0.000   0.000 0.097          0          13 
  mgc_nor(1,3,4)                      1.064               0.000   0.000 0.132          0           1 
  mgc_not(1,1)                        0.532               0.532   0.000 0.039          0          30 
  mgc_or(1,2,2)                       1.064               0.616   0.000 0.078          0          13 
  mgc_or(1,4,4)                       1.596               0.000   0.000 0.118          0           1 
  mgc_or(1,7,4)                       2.993               0.848   0.000 0.126          0           1 
  mgc_or(3,2,2)                       3.192               3.220   0.000 0.079          0           2 
  mgc_reg_pos(1,0,0,1,1,0,0,1)        6.384               1.862   4.522 0.106          0           1 
  mgc_reg_pos(1,0,0,1,1,1,1,1)        6.384               1.862   4.522 0.106          0           2 
  mgc_reg_pos(19,0,0,1,1,1,1,1)     121.296              35.378  85.918 0.106          0           1 
  mgc_reg_pos(3,0,0,1,1,1,1,1)       19.152               5.586  13.566 0.106          0           2 
  mgc_reg_pos(8,0,0,1,1,1,1,1)       51.072              14.896  36.176 0.106          0           9 
                                                                                                     
  TOTAL AREA (After Assignment):   1371.716             908.000 452.000                              
  
Area Scores
                    Post-Scheduling  Post-DP & FSM Post-Assignment 
  ----------------- --------------- -------------- ---------------
  Total Area Score:   1788.0         1460.3          1389.7        
  Total Reg:           989.5  (55%)   654.4  (45%)    654.4  (47%) 
                                                                   
  DataPath:           1788.0 (100%)  1442.3  (99%)   1371.7  (99%) 
    MUX:               395.8  (22%)   287.1  (20%)    213.9  (16%) 
    FUNC:              402.7  (23%)   402.7  (28%)    402.7  (29%) 
    LOGIC:               0.0          114.2   (8%)    116.8   (9%) 
    BUFFER:              0.0            0.0             0.0        
    MEM:                 0.0            0.0             0.0        
    ROM:                 0.0            0.0             0.0        
    REG:               989.5  (55%)   638.4  (44%)    638.4  (47%) 
                                                                   
  
  FSM:                   0.0           18.0   (1%)     18.0   (1%) 
    FSM-REG:             0.0           16.0  (89%)     16.0  (89%) 
    FSM-COMB:            0.0            2.0  (11%)      2.0  (11%) 
                                                                   
  
  
  (MUX = multiplexers; FUNC = datapath logic (e.g. add/mult); LOGIC = control logic)

Register-to-Variable Mappings
  Register                         Size(bits) Gated Register CG Opt Done Variables                                             
  -------------------------------- ---------- -------------- ----------- -----------------------------------------------------
  temp.sva                                 19         Y                  temp.sva                                              
  output:rsci.idat                          8         Y           Y      output:rsci.idat                                      
  regs(0).lpi#2                             8         Y           Y      regs(0).lpi#2                                         
                                                                         regs(0).sva                                           
  regs(1).lpi#2                             8         Y           Y      regs(1).lpi#2                                         
                                                                         regs(1).sva                                           
  regs(2).lpi#2                             8         Y           Y      regs(2).lpi#2                                         
                                                                         regs(2).sva                                           
  regs(3).lpi#2                             8         Y           Y      regs(3).lpi#2                                         
                                                                         regs(3).sva                                           
  regs(4).lpi#2                             8         Y           Y      regs(4).lpi#2                                         
                                                                         regs(4).sva                                           
  regs(5).lpi#2                             8         Y           Y      regs(5).lpi#2                                         
                                                                         regs(5).sva                                           
  regs(6).lpi#2                             8         Y           Y      regs(6).lpi#2                                         
                                                                         regs(6).sva                                           
  regs(7).lpi#2                             8         Y           Y      regs(7).lpi#2                                         
  MAC:i(3:0).sva(2:0)                       3         Y                  MAC:i(3:0).sva(2:0)                                   
  SHIFT:i(3:0).sva(2:0)                     3         Y                  SHIFT:i(3:0).sva(2:0)                                 
  reg(coeffs.triosy:obj.iswt0).cse          1         Y                  reg(coeffs.triosy:obj.iswt0).cse                      
  reg(input:rsci.oswt).cse                  1         Y                  reg(input:rsci.oswt).cse                              
  run.wten                                  1                            run.wten                                              
                                                                                                                               
  Total:                                  100             99          72 (Total Gating Ratio: 0.99, CG Opt Gating Ratio: 0.72) 
  
Timing Report
  Critical Path
    Max Delay:  2.4191000000000003
    Slack:      7.5809
    
    Path                                                       Startpoint                              Endpoint               Delay  Slack                       
    ---------------------------------------------------------- --------------------------------------- ---------------------- ------ ------ --------------------
    1                                                          fir:run:inst/reg(SHIFT:i(3:0).sva(2:0)) fir:run:inst/reg(temp) 2.4191 7.5809                      
                                                                                                                                                                 
      Instance                                                 Component                                                      Delta  Delay  [MIN, MAX]           
      --------                                                 ---------                                                      -----  -----  ------------------   
      fir:run:inst/reg(SHIFT:i(3:0).sva(2:0))                  mgc_reg_pos_3_0_0_1_1_1_1_1                                    0.1060 0.1060                      
      fir:run:inst/SHIFT:i(3:0).sva(2:0)                                                                                      0.0000 0.1060                      
      fir:run:inst/SHIFT:i:slc(SHIFT:i(3:0).sva(2:0))(0)#5                                                                    0.0000 0.1060                      
      fir:run:inst/SHIFT:i:slc(SHIFT:i(3:0).sva(2:0))(0)#5.itm                                                                0.0000 0.1060                      
      fir:run:inst/not#8                                       mgc_not_1_1                                                    0.0390 0.1450                      
      fir:run:inst/not#8.itm                                                                                                  0.0000 0.1450                      
      fir:run:inst/or#7                                        mgc_or_1_2_2                                                   0.0776 0.2226                      
      fir:run:inst/or.dcpl#7                                                                                                  0.0000 0.2226                      
      fir:run:inst/or#8                                        mgc_or_1_2_2                                                   0.0776 0.3001                      
      fir:run:inst/or.dcpl#8                                                                                                  0.0000 0.3001                      
      fir:run:inst/not#32                                      mgc_not_1_1                                                    0.0390 0.3391                      
      fir:run:inst/not#32.itm                                                                                                 0.0000 0.3391                      
      fir:run:inst/MAC:and                                     mgc_and_1_2_4                                                  0.0775 0.4166                      
      fir:run:inst/MAC:and.itm                                                                                                0.0000 0.4166                      
      fir:run:inst/MAC:or                                      mgc_or_1_7_4                                                   0.1262 0.5428                      
      fir:run:inst/MAC:or.itm                                                                                                 0.0000 0.5428                      
      fir:run:inst/MAC:MAC:mux1h                               mgc_mux1hot_8_9_4                                              0.1700 0.7128                      
      fir:run:inst/MAC:MAC:mux1h.itm                                                                                          0.0000 0.7128                      
      fir:run:inst/MAC:mul                                     mgc_mul_8_1_8_1_16_7                                           1.1570 1.8698 [0.892738, 1.869838] 
      fir:run:inst/MAC:mul.itm                                                                                                0.0000 1.8698 [0.892738, 1.869838] 
      fir:run:inst/MAC:acc#1                                   mgc_addc_19_0_16_1_19_7                                        0.4718 2.3416 [1.058215, 2.341600] 
      fir:run:inst/temp.sva#2                                                                                                 0.0000 2.3416 [1.058215, 2.341600] 
      fir:run:inst/temp:temp:and                               mgc_and_19_2_4                                                 0.0775 2.4191 [1.135715, 2.419100] 
      fir:run:inst/temp:temp:and.itm                                                                                          0.0000 2.4191 [1.135715, 2.419100] 
      fir:run:inst/reg(temp)                                   mgc_reg_pos_19_0_0_1_1_1_1_1                                   0.0000 2.4191                      
                                                                                                                                                                 
    2                                                          fir:run:inst/reg(SHIFT:i(3:0).sva(2:0)) fir:run:inst/reg(temp) 2.4191 7.5809                      
                                                                                                                                                                 
      Instance                                                 Component                                                      Delta  Delay  [MIN, MAX]           
      --------                                                 ---------                                                      -----  -----  ------------------   
      fir:run:inst/reg(SHIFT:i(3:0).sva(2:0))                  mgc_reg_pos_3_0_0_1_1_1_1_1                                    0.1060 0.1060                      
      fir:run:inst/SHIFT:i(3:0).sva(2:0)                                                                                      0.0000 0.1060                      
      fir:run:inst/SHIFT:i:slc(SHIFT:i(3:0).sva(2:0))(0)#5                                                                    0.0000 0.1060                      
      fir:run:inst/SHIFT:i:slc(SHIFT:i(3:0).sva(2:0))(0)#5.itm                                                                0.0000 0.1060                      
      fir:run:inst/not#8                                       mgc_not_1_1                                                    0.0390 0.1450                      
      fir:run:inst/not#8.itm                                                                                                  0.0000 0.1450                      
      fir:run:inst/or#7                                        mgc_or_1_2_2                                                   0.0776 0.2226                      
      fir:run:inst/or.dcpl#7                                                                                                  0.0000 0.2226                      
      fir:run:inst/or#14                                       mgc_or_1_2_2                                                   0.0776 0.3001                      
      fir:run:inst/or.dcpl#14                                                                                                 0.0000 0.3001                      
      fir:run:inst/not#34                                      mgc_not_1_1                                                    0.0390 0.3391                      
      fir:run:inst/not#34.itm                                                                                                 0.0000 0.3391                      
      fir:run:inst/MAC:and#2                                   mgc_and_1_2_4                                                  0.0775 0.4166                      
      fir:run:inst/MAC:and#2.itm                                                                                              0.0000 0.4166                      
      fir:run:inst/MAC:or                                      mgc_or_1_7_4                                                   0.1262 0.5428                      
      fir:run:inst/MAC:or.itm                                                                                                 0.0000 0.5428                      
      fir:run:inst/MAC:MAC:mux1h                               mgc_mux1hot_8_9_4                                              0.1700 0.7128                      
      fir:run:inst/MAC:MAC:mux1h.itm                                                                                          0.0000 0.7128                      
      fir:run:inst/MAC:mul                                     mgc_mul_8_1_8_1_16_7                                           1.1570 1.8698 [0.892738, 1.869838] 
      fir:run:inst/MAC:mul.itm                                                                                                0.0000 1.8698 [0.892738, 1.869838] 
      fir:run:inst/MAC:acc#1                                   mgc_addc_19_0_16_1_19_7                                        0.4718 2.3416 [1.058215, 2.341600] 
      fir:run:inst/temp.sva#2                                                                                                 0.0000 2.3416 [1.058215, 2.341600] 
      fir:run:inst/temp:temp:and                               mgc_and_19_2_4                                                 0.0775 2.4191 [1.135715, 2.419100] 
      fir:run:inst/temp:temp:and.itm                                                                                          0.0000 2.4191 [1.135715, 2.419100] 
      fir:run:inst/reg(temp)                                   mgc_reg_pos_19_0_0_1_1_1_1_1                                   0.0000 2.4191                      
                                                                                                                                                                 
    3                                                          fir:run:inst/reg(SHIFT:i(3:0).sva(2:0)) fir:run:inst/reg(temp) 2.4191 7.5809                      
                                                                                                                                                                 
      Instance                                                 Component                                                      Delta  Delay  [MIN, MAX]           
      --------                                                 ---------                                                      -----  -----  ------------------   
      fir:run:inst/reg(SHIFT:i(3:0).sva(2:0))                  mgc_reg_pos_3_0_0_1_1_1_1_1                                    0.1060 0.1060                      
      fir:run:inst/SHIFT:i(3:0).sva(2:0)                                                                                      0.0000 0.1060                      
      fir:run:inst/SHIFT:i:slc(SHIFT:i(3:0).sva(2:0))(2)#2                                                                    0.0000 0.1060                      
      fir:run:inst/SHIFT:i:slc(SHIFT:i(3:0).sva(2:0))(2)#2.itm                                                                0.0000 0.1060                      
      fir:run:inst/not#9                                       mgc_not_1_1                                                    0.0390 0.1450                      
      fir:run:inst/not#9.itm                                                                                                  0.0000 0.1450                      
      fir:run:inst/or#9                                        mgc_or_1_2_2                                                   0.0776 0.2226                      
      fir:run:inst/or.dcpl#9                                                                                                  0.0000 0.2226                      
      fir:run:inst/or#10                                       mgc_or_1_2_2                                                   0.0776 0.3001                      
      fir:run:inst/or.dcpl#10                                                                                                 0.0000 0.3001                      
      fir:run:inst/not#37                                      mgc_not_1_1                                                    0.0390 0.3391                      
      fir:run:inst/not#37.itm                                                                                                 0.0000 0.3391                      
      fir:run:inst/MAC:and#5                                   mgc_and_1_2_4                                                  0.0775 0.4166                      
      fir:run:inst/MAC:and#5.itm                                                                                              0.0000 0.4166                      
      fir:run:inst/MAC:or                                      mgc_or_1_7_4                                                   0.1262 0.5428                      
      fir:run:inst/MAC:or.itm                                                                                                 0.0000 0.5428                      
      fir:run:inst/MAC:MAC:mux1h                               mgc_mux1hot_8_9_4                                              0.1700 0.7128                      
      fir:run:inst/MAC:MAC:mux1h.itm                                                                                          0.0000 0.7128                      
      fir:run:inst/MAC:mul                                     mgc_mul_8_1_8_1_16_7                                           1.1570 1.8698 [0.892738, 1.869838] 
      fir:run:inst/MAC:mul.itm                                                                                                0.0000 1.8698 [0.892738, 1.869838] 
      fir:run:inst/MAC:acc#1                                   mgc_addc_19_0_16_1_19_7                                        0.4718 2.3416 [1.058215, 2.341600] 
      fir:run:inst/temp.sva#2                                                                                                 0.0000 2.3416 [1.058215, 2.341600] 
      fir:run:inst/temp:temp:and                               mgc_and_19_2_4                                                 0.0775 2.4191 [1.135715, 2.419100] 
      fir:run:inst/temp:temp:and.itm                                                                                          0.0000 2.4191 [1.135715, 2.419100] 
      fir:run:inst/reg(temp)                                   mgc_reg_pos_19_0_0_1_1_1_1_1                                   0.0000 2.4191                      
                                                                                                                                                                 
    4                                                          fir:run:inst/reg(SHIFT:i(3:0).sva(2:0)) fir:run:inst/reg(temp) 2.4191 7.5809                      
                                                                                                                                                                 
      Instance                                                 Component                                                      Delta  Delay  [MIN, MAX]           
      --------                                                 ---------                                                      -----  -----  ------------------   
      fir:run:inst/reg(SHIFT:i(3:0).sva(2:0))                  mgc_reg_pos_3_0_0_1_1_1_1_1                                    0.1060 0.1060                      
      fir:run:inst/SHIFT:i(3:0).sva(2:0)                                                                                      0.0000 0.1060                      
      fir:run:inst/SHIFT:i:slc(SHIFT:i(3:0).sva(2:0))(2)#2                                                                    0.0000 0.1060                      
      fir:run:inst/SHIFT:i:slc(SHIFT:i(3:0).sva(2:0))(2)#2.itm                                                                0.0000 0.1060                      
      fir:run:inst/not#9                                       mgc_not_1_1                                                    0.0390 0.1450                      
      fir:run:inst/not#9.itm                                                                                                  0.0000 0.1450                      
      fir:run:inst/or#9                                        mgc_or_1_2_2                                                   0.0776 0.2226                      
      fir:run:inst/or.dcpl#9                                                                                                  0.0000 0.2226                      
      fir:run:inst/or#16                                       mgc_or_1_2_2                                                   0.0776 0.3001                      
      fir:run:inst/or.dcpl#16                                                                                                 0.0000 0.3001                      
      fir:run:inst/not#35                                      mgc_not_1_1                                                    0.0390 0.3391                      
      fir:run:inst/not#35.itm                                                                                                 0.0000 0.3391                      
      fir:run:inst/MAC:and#3                                   mgc_and_1_2_4                                                  0.0775 0.4166                      
      fir:run:inst/MAC:and#3.itm                                                                                              0.0000 0.4166                      
      fir:run:inst/MAC:or                                      mgc_or_1_7_4                                                   0.1262 0.5428                      
      fir:run:inst/MAC:or.itm                                                                                                 0.0000 0.5428                      
      fir:run:inst/MAC:MAC:mux1h                               mgc_mux1hot_8_9_4                                              0.1700 0.7128                      
      fir:run:inst/MAC:MAC:mux1h.itm                                                                                          0.0000 0.7128                      
      fir:run:inst/MAC:mul                                     mgc_mul_8_1_8_1_16_7                                           1.1570 1.8698 [0.892738, 1.869838] 
      fir:run:inst/MAC:mul.itm                                                                                                0.0000 1.8698 [0.892738, 1.869838] 
      fir:run:inst/MAC:acc#1                                   mgc_addc_19_0_16_1_19_7                                        0.4718 2.3416 [1.058215, 2.341600] 
      fir:run:inst/temp.sva#2                                                                                                 0.0000 2.3416 [1.058215, 2.341600] 
      fir:run:inst/temp:temp:and                               mgc_and_19_2_4                                                 0.0775 2.4191 [1.135715, 2.419100] 
      fir:run:inst/temp:temp:and.itm                                                                                          0.0000 2.4191 [1.135715, 2.419100] 
      fir:run:inst/reg(temp)                                   mgc_reg_pos_19_0_0_1_1_1_1_1                                   0.0000 2.4191                      
                                                                                                                                                                 
    5                                                          fir:run:inst/reg(SHIFT:i(3:0).sva(2:0)) fir:run:inst/reg(temp) 2.3801 7.6199                      
                                                                                                                                                                 
      Instance                                                 Component                                                      Delta  Delay  [MIN, MAX]           
      --------                                                 ---------                                                      -----  -----  ------------------   
      fir:run:inst/reg(SHIFT:i(3:0).sva(2:0))                  mgc_reg_pos_3_0_0_1_1_1_1_1                                    0.1060 0.1060                      
      fir:run:inst/SHIFT:i(3:0).sva(2:0)                                                                                      0.0000 0.1060                      
      fir:run:inst/SHIFT:i:slc(SHIFT:i(3:0).sva(2:0))(2)#1                                                                    0.0000 0.1060                      
      fir:run:inst/SHIFT:i:slc(SHIFT:i(3:0).sva(2:0))(2)#1.itm                                                                0.0000 0.1060                      
      fir:run:inst/or#11                                       mgc_or_1_2_2                                                   0.0776 0.1836                      
      fir:run:inst/or.dcpl#11                                                                                                 0.0000 0.1836                      
      fir:run:inst/or#12                                       mgc_or_1_2_2                                                   0.0776 0.2611                      
      fir:run:inst/or.dcpl#12                                                                                                 0.0000 0.2611                      
      fir:run:inst/not#33                                      mgc_not_1_1                                                    0.0390 0.3001                      
      fir:run:inst/not#33.itm                                                                                                 0.0000 0.3001                      
      fir:run:inst/MAC:and#1                                   mgc_and_1_2_4                                                  0.0775 0.3776                      
      fir:run:inst/MAC:and#1.itm                                                                                              0.0000 0.3776                      
      fir:run:inst/MAC:or                                      mgc_or_1_7_4                                                   0.1262 0.5038                      
      fir:run:inst/MAC:or.itm                                                                                                 0.0000 0.5038                      
      fir:run:inst/MAC:MAC:mux1h                               mgc_mux1hot_8_9_4                                              0.1700 0.6738                      
      fir:run:inst/MAC:MAC:mux1h.itm                                                                                          0.0000 0.6738                      
      fir:run:inst/MAC:mul                                     mgc_mul_8_1_8_1_16_7                                           1.1570 1.8308 [0.853738, 1.830838] 
      fir:run:inst/MAC:mul.itm                                                                                                0.0000 1.8308 [0.853738, 1.830838] 
      fir:run:inst/MAC:acc#1                                   mgc_addc_19_0_16_1_19_7                                        0.4718 2.3026 [1.019215, 2.302600] 
      fir:run:inst/temp.sva#2                                                                                                 0.0000 2.3026 [1.019215, 2.302600] 
      fir:run:inst/temp:temp:and                               mgc_and_19_2_4                                                 0.0775 2.3801 [1.096715, 2.380100] 
      fir:run:inst/temp:temp:and.itm                                                                                          0.0000 2.3801 [1.096715, 2.380100] 
      fir:run:inst/reg(temp)                                   mgc_reg_pos_19_0_0_1_1_1_1_1                                   0.0000 2.3801                      
                                                                                                                                                                 
    6                                                          fir:run:inst/reg(SHIFT:i(3:0).sva(2:0)) fir:run:inst/reg(temp) 2.3801 7.6199                      
                                                                                                                                                                 
      Instance                                                 Component                                                      Delta  Delay  [MIN, MAX]           
      --------                                                 ---------                                                      -----  -----  ------------------   
      fir:run:inst/reg(SHIFT:i(3:0).sva(2:0))                  mgc_reg_pos_3_0_0_1_1_1_1_1                                    0.1060 0.1060                      
      fir:run:inst/SHIFT:i(3:0).sva(2:0)                                                                                      0.0000 0.1060                      
      fir:run:inst/SHIFT:i:slc(SHIFT:i(3:0).sva(2:0))(0)#4                                                                    0.0000 0.1060                      
      fir:run:inst/SHIFT:i:slc(SHIFT:i(3:0).sva(2:0))(0)#4.itm                                                                0.0000 0.1060                      
      fir:run:inst/or#11                                       mgc_or_1_2_2                                                   0.0776 0.1836                      
      fir:run:inst/or.dcpl#11                                                                                                 0.0000 0.1836                      
      fir:run:inst/or#12                                       mgc_or_1_2_2                                                   0.0776 0.2611                      
      fir:run:inst/or.dcpl#12                                                                                                 0.0000 0.2611                      
      fir:run:inst/not#33                                      mgc_not_1_1                                                    0.0390 0.3001                      
      fir:run:inst/not#33.itm                                                                                                 0.0000 0.3001                      
      fir:run:inst/MAC:and#1                                   mgc_and_1_2_4                                                  0.0775 0.3776                      
      fir:run:inst/MAC:and#1.itm                                                                                              0.0000 0.3776                      
      fir:run:inst/MAC:or                                      mgc_or_1_7_4                                                   0.1262 0.5038                      
      fir:run:inst/MAC:or.itm                                                                                                 0.0000 0.5038                      
      fir:run:inst/MAC:MAC:mux1h                               mgc_mux1hot_8_9_4                                              0.1700 0.6738                      
      fir:run:inst/MAC:MAC:mux1h.itm                                                                                          0.0000 0.6738                      
      fir:run:inst/MAC:mul                                     mgc_mul_8_1_8_1_16_7                                           1.1570 1.8308 [0.853738, 1.830838] 
      fir:run:inst/MAC:mul.itm                                                                                                0.0000 1.8308 [0.853738, 1.830838] 
      fir:run:inst/MAC:acc#1                                   mgc_addc_19_0_16_1_19_7                                        0.4718 2.3026 [1.019215, 2.302600] 
      fir:run:inst/temp.sva#2                                                                                                 0.0000 2.3026 [1.019215, 2.302600] 
      fir:run:inst/temp:temp:and                               mgc_and_19_2_4                                                 0.0775 2.3801 [1.096715, 2.380100] 
      fir:run:inst/temp:temp:and.itm                                                                                          0.0000 2.3801 [1.096715, 2.380100] 
      fir:run:inst/reg(temp)                                   mgc_reg_pos_19_0_0_1_1_1_1_1                                   0.0000 2.3801                      
                                                                                                                                                                 
    7                                                          fir:run:inst/reg(SHIFT:i(3:0).sva(2:0)) fir:run:inst/reg(temp) 2.3801 7.6199                      
                                                                                                                                                                 
      Instance                                                 Component                                                      Delta  Delay  [MIN, MAX]           
      --------                                                 ---------                                                      -----  -----  ------------------   
      fir:run:inst/reg(SHIFT:i(3:0).sva(2:0))                  mgc_reg_pos_3_0_0_1_1_1_1_1                                    0.1060 0.1060                      
      fir:run:inst/SHIFT:i(3:0).sva(2:0)                                                                                      0.0000 0.1060                      
      fir:run:inst/SHIFT:i:slc(SHIFT:i(3:0).sva(2:0))(0)#6                                                                    0.0000 0.1060                      
      fir:run:inst/SHIFT:i:slc(SHIFT:i(3:0).sva(2:0))(0)#6.itm                                                                0.0000 0.1060                      
      fir:run:inst/or#9                                        mgc_or_1_2_2                                                   0.0776 0.1836                      
      fir:run:inst/or.dcpl#9                                                                                                  0.0000 0.1836                      
      fir:run:inst/or#16                                       mgc_or_1_2_2                                                   0.0776 0.2611                      
      fir:run:inst/or.dcpl#16                                                                                                 0.0000 0.2611                      
      fir:run:inst/not#35                                      mgc_not_1_1                                                    0.0390 0.3001                      
      fir:run:inst/not#35.itm                                                                                                 0.0000 0.3001                      
      fir:run:inst/MAC:and#3                                   mgc_and_1_2_4                                                  0.0775 0.3776                      
      fir:run:inst/MAC:and#3.itm                                                                                              0.0000 0.3776                      
      fir:run:inst/MAC:or                                      mgc_or_1_7_4                                                   0.1262 0.5038                      
      fir:run:inst/MAC:or.itm                                                                                                 0.0000 0.5038                      
      fir:run:inst/MAC:MAC:mux1h                               mgc_mux1hot_8_9_4                                              0.1700 0.6738                      
      fir:run:inst/MAC:MAC:mux1h.itm                                                                                          0.0000 0.6738                      
      fir:run:inst/MAC:mul                                     mgc_mul_8_1_8_1_16_7                                           1.1570 1.8308 [0.853738, 1.830838] 
      fir:run:inst/MAC:mul.itm                                                                                                0.0000 1.8308 [0.853738, 1.830838] 
      fir:run:inst/MAC:acc#1                                   mgc_addc_19_0_16_1_19_7                                        0.4718 2.3026 [1.019215, 2.302600] 
      fir:run:inst/temp.sva#2                                                                                                 0.0000 2.3026 [1.019215, 2.302600] 
      fir:run:inst/temp:temp:and                               mgc_and_19_2_4                                                 0.0775 2.3801 [1.096715, 2.380100] 
      fir:run:inst/temp:temp:and.itm                                                                                          0.0000 2.3801 [1.096715, 2.380100] 
      fir:run:inst/reg(temp)                                   mgc_reg_pos_19_0_0_1_1_1_1_1                                   0.0000 2.3801                      
                                                                                                                                                                 
    8                                                          fir:run:inst/reg(SHIFT:i(3:0).sva(2:0)) fir:run:inst/reg(temp) 2.3801 7.6199                      
                                                                                                                                                                 
      Instance                                                 Component                                                      Delta  Delay  [MIN, MAX]           
      --------                                                 ---------                                                      -----  -----  ------------------   
      fir:run:inst/reg(SHIFT:i(3:0).sva(2:0))                  mgc_reg_pos_3_0_0_1_1_1_1_1                                    0.1060 0.1060                      
      fir:run:inst/SHIFT:i(3:0).sva(2:0)                                                                                      0.0000 0.1060                      
      fir:run:inst/SHIFT:i:slc(SHIFT:i(3:0).sva(2:0))(2)#3                                                                    0.0000 0.1060                      
      fir:run:inst/SHIFT:i:slc(SHIFT:i(3:0).sva(2:0))(2)#3.itm                                                                0.0000 0.1060                      
      fir:run:inst/or#7                                        mgc_or_1_2_2                                                   0.0776 0.1836                      
      fir:run:inst/or.dcpl#7                                                                                                  0.0000 0.1836                      
      fir:run:inst/or#14                                       mgc_or_1_2_2                                                   0.0776 0.2611                      
      fir:run:inst/or.dcpl#14                                                                                                 0.0000 0.2611                      
      fir:run:inst/not#34                                      mgc_not_1_1                                                    0.0390 0.3001                      
      fir:run:inst/not#34.itm                                                                                                 0.0000 0.3001                      
      fir:run:inst/MAC:and#2                                   mgc_and_1_2_4                                                  0.0775 0.3776                      
      fir:run:inst/MAC:and#2.itm                                                                                              0.0000 0.3776                      
      fir:run:inst/MAC:or                                      mgc_or_1_7_4                                                   0.1262 0.5038                      
      fir:run:inst/MAC:or.itm                                                                                                 0.0000 0.5038                      
      fir:run:inst/MAC:MAC:mux1h                               mgc_mux1hot_8_9_4                                              0.1700 0.6738                      
      fir:run:inst/MAC:MAC:mux1h.itm                                                                                          0.0000 0.6738                      
      fir:run:inst/MAC:mul                                     mgc_mul_8_1_8_1_16_7                                           1.1570 1.8308 [0.853738, 1.830838] 
      fir:run:inst/MAC:mul.itm                                                                                                0.0000 1.8308 [0.853738, 1.830838] 
      fir:run:inst/MAC:acc#1                                   mgc_addc_19_0_16_1_19_7                                        0.4718 2.3026 [1.019215, 2.302600] 
      fir:run:inst/temp.sva#2                                                                                                 0.0000 2.3026 [1.019215, 2.302600] 
      fir:run:inst/temp:temp:and                               mgc_and_19_2_4                                                 0.0775 2.3801 [1.096715, 2.380100] 
      fir:run:inst/temp:temp:and.itm                                                                                          0.0000 2.3801 [1.096715, 2.380100] 
      fir:run:inst/reg(temp)                                   mgc_reg_pos_19_0_0_1_1_1_1_1                                   0.0000 2.3801                      
                                                                                                                                                                 
    9                                                          fir:run:inst/reg(SHIFT:i(3:0).sva(2:0)) fir:run:inst/reg(temp) 2.3635 7.6365                      
                                                                                                                                                                 
      Instance                                                 Component                                                      Delta  Delay  [MIN, MAX]           
      --------                                                 ---------                                                      -----  -----  ------------------   
      fir:run:inst/reg(SHIFT:i(3:0).sva(2:0))                  mgc_reg_pos_3_0_0_1_1_1_1_1                                    0.1060 0.1060                      
      fir:run:inst/SHIFT:i(3:0).sva(2:0)                                                                                      0.0000 0.1060                      
      fir:run:inst/SHIFT:i:slc(SHIFT:i(3:0).sva(2:0))(2)#4                                                                    0.0000 0.1060                      
      fir:run:inst/SHIFT:i:slc(SHIFT:i(3:0).sva(2:0))(2)#4.itm                                                                0.0000 0.1060                      
      fir:run:inst/nand                                        mgc_nand_1_2_4                                                 0.0610 0.1670                      
      fir:run:inst/or.dcpl#5                                                                                                  0.0000 0.1670                      
      fir:run:inst/or#6                                        mgc_or_1_2_2                                                   0.0776 0.2446                      
      fir:run:inst/or.dcpl#6                                                                                                  0.0000 0.2446                      
      fir:run:inst/not#36                                      mgc_not_1_1                                                    0.0390 0.2836                      
      fir:run:inst/not#36.itm                                                                                                 0.0000 0.2836                      
      fir:run:inst/MAC:and#4                                   mgc_and_1_2_4                                                  0.0775 0.3611                      
      fir:run:inst/MAC:and#4.itm                                                                                              0.0000 0.3611                      
      fir:run:inst/MAC:or                                      mgc_or_1_7_4                                                   0.1262 0.4873                      
      fir:run:inst/MAC:or.itm                                                                                                 0.0000 0.4873                      
      fir:run:inst/MAC:MAC:mux1h                               mgc_mux1hot_8_9_4                                              0.1700 0.6572                      
      fir:run:inst/MAC:MAC:mux1h.itm                                                                                          0.0000 0.6572                      
      fir:run:inst/MAC:mul                                     mgc_mul_8_1_8_1_16_7                                           1.1570 1.8143 [0.837175, 1.814275] 
      fir:run:inst/MAC:mul.itm                                                                                                0.0000 1.8143 [0.837175, 1.814275] 
      fir:run:inst/MAC:acc#1                                   mgc_addc_19_0_16_1_19_7                                        0.4718 2.2860 [1.002652, 2.286037] 
      fir:run:inst/temp.sva#2                                                                                                 0.0000 2.2860 [1.002652, 2.286037] 
      fir:run:inst/temp:temp:and                               mgc_and_19_2_4                                                 0.0775 2.3635 [1.080152, 2.363537] 
      fir:run:inst/temp:temp:and.itm                                                                                          0.0000 2.3635 [1.080152, 2.363537] 
      fir:run:inst/reg(temp)                                   mgc_reg_pos_19_0_0_1_1_1_1_1                                   0.0000 2.3635                      
                                                                                                                                                                 
    10                                                         fir:run:inst/reg(SHIFT:i(3:0).sva(2:0)) fir:run:inst/reg(temp) 2.3635 7.6365                      
                                                                                                                                                                 
      Instance                                                 Component                                                      Delta  Delay  [MIN, MAX]           
      --------                                                 ---------                                                      -----  -----  ------------------   
      fir:run:inst/reg(SHIFT:i(3:0).sva(2:0))                  mgc_reg_pos_3_0_0_1_1_1_1_1                                    0.1060 0.1060                      
      fir:run:inst/SHIFT:i(3:0).sva(2:0)                                                                                      0.0000 0.1060                      
      fir:run:inst/SHIFT:i:slc(SHIFT:i(3:0).sva(2:0))(2)#4                                                                    0.0000 0.1060                      
      fir:run:inst/SHIFT:i:slc(SHIFT:i(3:0).sva(2:0))(2)#4.itm                                                                0.0000 0.1060                      
      fir:run:inst/nand                                        mgc_nand_1_2_4                                                 0.0610 0.1670                      
      fir:run:inst/or.dcpl#5                                                                                                  0.0000 0.1670                      
      fir:run:inst/or#13                                       mgc_or_1_2_2                                                   0.0776 0.2446                      
      fir:run:inst/or#13.cse                                                                                                  0.0000 0.2446                      
      fir:run:inst/MAC:MAC:not                                 mgc_not_1_1                                                    0.0390 0.2836                      
      fir:run:inst/MAC:MAC:not.itm                                                                                            0.0000 0.2836                      
      fir:run:inst/MAC:and#19                                  mgc_and_1_2_4                                                  0.0775 0.3611                      
      fir:run:inst/MAC:and#19.itm                                                                                             0.0000 0.3611                      
      fir:run:inst/MAC:or                                      mgc_or_1_7_4                                                   0.1262 0.4873                      
      fir:run:inst/MAC:or.itm                                                                                                 0.0000 0.4873                      
      fir:run:inst/MAC:MAC:mux1h                               mgc_mux1hot_8_9_4                                              0.1700 0.6572                      
      fir:run:inst/MAC:MAC:mux1h.itm                                                                                          0.0000 0.6572                      
      fir:run:inst/MAC:mul                                     mgc_mul_8_1_8_1_16_7                                           1.1570 1.8143 [0.837175, 1.814275] 
      fir:run:inst/MAC:mul.itm                                                                                                0.0000 1.8143 [0.837175, 1.814275] 
      fir:run:inst/MAC:acc#1                                   mgc_addc_19_0_16_1_19_7                                        0.4718 2.2860 [1.002652, 2.286037] 
      fir:run:inst/temp.sva#2                                                                                                 0.0000 2.2860 [1.002652, 2.286037] 
      fir:run:inst/temp:temp:and                               mgc_and_19_2_4                                                 0.0775 2.3635 [1.080152, 2.363537] 
      fir:run:inst/temp:temp:and.itm                                                                                          0.0000 2.3635 [1.080152, 2.363537] 
      fir:run:inst/reg(temp)                                   mgc_reg_pos_19_0_0_1_1_1_1_1                                   0.0000 2.3635                      
                                                                                                                                                                 
    
  Register Input and Register-to-Output Slack
    Clock period or pin-to-reg delay constraint (clk): 10.0
    Clock uncertainty constraint (clk)               : 0.0
    
    Instance                             Port                                                  Slack (Delay) Messages 
    ------------------------------------ ---------------------------------------------------- ------ ------- --------
    fir:run/reg(input:rsci.oswt)         and#4.itm                                            9.3633  0.6367          
    fir:run/reg(regs(5))                 SHIFT:else:SHIFT:else:slc(regs,*8)(7-0)#1.ctmp.sva#1 7.7807  2.2193          
    fir:run/reg(regs(1))                 SHIFT:else:SHIFT:else:slc(regs,*8)(7-0)#1.ctmp.sva#1 7.7807  2.2193          
    fir:run/reg(regs(6))                 SHIFT:else:SHIFT:else:slc(regs,*8)(7-0)#1.ctmp.sva#1 7.7807  2.2193          
    fir:run/reg(regs(2))                 SHIFT:else:SHIFT:else:slc(regs,*8)(7-0)#1.ctmp.sva#1 7.7807  2.2193          
    fir:run/reg(regs(7))                 SHIFT:else:SHIFT:else:slc(regs,*8)(7-0)#1.ctmp.sva#1 7.7807  2.2193          
    fir:run/reg(regs(3))                 SHIFT:else:SHIFT:else:slc(regs,*8)(7-0)#1.ctmp.sva#1 7.7807  2.2193          
    fir:run/reg(SHIFT:i(3:0).sva(2:0))   SHIFT:i:SHIFT:i:or.itm                               9.5783  0.4217          
    fir:run/reg(regs(0))                 regs(0).lpi#2:mx1                                    7.7485  2.2515          
    fir:run/reg(regs(4))                 SHIFT:else:SHIFT:else:slc(regs,*8)(7-0)#1.ctmp.sva#1 7.7807  2.2193          
    fir:run/reg(MAC:i(3:0).sva(2:0))     SHIFT:i:SHIFT:i:or#1.itm                             9.5783  0.4217          
    fir:run/reg(temp)                    temp:temp:and.itm                                    7.5809  2.4191          
    fir:run/reg(coeffs.triosy:obj.iswt0) and#26.itm                                           9.4665  0.5335          
    fir:run/reg(output:rsci.idat)        temp:slc(temp.sva#2)(18-11).itm                      7.7259  2.2741          
    fir:run:staller/reg(run.wten)        not#3.itm                                            9.4488  0.5512          
    fir                                  input:rsc.rdy                                        9.8940  0.1060          
    fir                                  coeffs.triosy.lz                                     9.7775  0.2225          
    fir                                  output:rsc.dat                                       9.8940  0.1060          
    fir                                  output:rsc.vld                                       9.8940  0.1060          
    
Operator Bitwidth Summary
  Operation  Size (bits) Count 
  ---------- ----------- -----
  add                          
  -                    4     2 
  -                   19     1 
  and                          
  -                   19     1 
  -                    1    38 
  mul                          
  -                   16     1 
  mux                          
  -                    8     3 
  mux1h                        
  -                    8     1 
  nand                         
  -                    1     1 
  nor                          
  -                    1    14 
  not                          
  -                    1    30 
  or                           
  -                    3     2 
  -                    1    15 
  read_port                    
  -                    8     1 
  -                   64     1 
  read_sync                    
  -                    0     1 
  reg                          
  -                    8     9 
  -                    3     2 
  -                   19     1 
  -                    1     3 
  write_port                   
  -                    0     1 
  
End of Report
