//  Catapult Ultra Synthesis 2023.2/1059873 (Production Release) Mon Aug  7 10:54:31 PDT 2023
//  
//          Copyright (c) Siemens EDA, 1996-2023, All Rights Reserved.
//                        UNPUBLISHED, LICENSED SOFTWARE.
//             CONFIDENTIAL AND PROPRIETARY INFORMATION WHICH IS THE
//                   PROPERTY OF SIEMENS EDA OR ITS LICENSORS.
//  
//  Running on Linux asoc020@ee21 3.10.0-1160.88.1.el7.x86_64 x86_64 aol
//  
//  Package information: SIFLIBS v26.2_0.0, HLS_PKGS v26.2_0.0, 
//                       SIF_TOOLKITS v26.2_0.0, SIF_XILINX v26.2_0.0, 
//                       SIF_ALTERA v26.2_0.0, CCS_LIBS v26.2_0.0, 
//                       CDS_PPRO v2023.1, CDS_DesignChecker v2023.2, 
//                       CDS_OASYS v21.1_3.1, CDS_PSR v23.1_1.18, 
//                       DesignPad v2.78_1.0
//  
//  Start time Tue Mar 26 17:47:29 2024
# -------------------------------------------------
# Logging session transcript to file "/tmp/log201363d82ec293.0"
dofile ./fir.v2/directives.tcl
# > solution new -state initial
# Info: Branching solution 'solution.v2' at state 'initial' (PRJ-2)
# solution.v2
# > solution options defaults
# > solution options set /OnTheFly/VthAttributeType cell_lib
# cell_lib
# > solution options set /Input/TargetPlatform x86_64
# x86_64
# > solution options set /Output/GenerateCycleNetlist false
# false
# > solution options set /Flows/VSCode/INSTALL /usr/bin
# /usr/bin
# > flow package require /VSCode
# 10.6a
# > solution file add ./catapult-for-soc-course/lab1_fir/01_walkthrough_loops/fir.h -type CHEADER
# Error: cannot open input file '/RAID2/COURSE/asoc/asoc020/Catapult_1/catapult-for-soc-course/lab1_fir/01_walkthrough_loops/fir.h' (BASIC-3)
# > end dofile ./fir.v2/directives.tcl
# Error: 
quit
# Creating project directory '/RAID2/COURSE/asoc/asoc020/Catapult_1/Catapult/'. (PRJ-1)
# Moving session transcript to file "/RAID2/COURSE/asoc/asoc020/Catapult_1/catapult.log"
# Saving project file '/RAID2/COURSE/asoc/asoc020/Catapult_1/Catapult.ccs'. (PRJ-5)
// Finish time Tue Mar 26 18:07:02 2024, time elapsed 19:33, peak memory 1.18GB, exit status 0
